#
# A fatal error has been detected by the Java Runtime Environment:
#
#  EXCEPTION_ACCESS_VIOLATION (0xc0000005) at pc=0x0000000067abe429, pid=55080, tid=54332
#
# JRE version: Java(TM) SE Runtime Environment (8.0_60-b27) (build 1.8.0_60-b27)
# Java VM: Java HotSpot(TM) 64-Bit Server VM (25.60-b23 mixed mode windows-amd64 compressed oops)
# Problematic frame:
# C  [nvoglv64.DLL+0xe4e429]
#
# Failed to write core dump. Minidumps are not enabled by default on client versions of Windows
#
# If you would like to submit a bug report, please visit:
#   http://bugreport.java.com/bugreport/crash.jsp
# The crash happened outside the Java Virtual Machine in native code.
# See problematic frame for where to report the bug.
#

---------------  T H R E A D  ---------------

Current thread (0x0000000002380800):  JavaThread "main" [_thread_in_native, id=54332, stack(0x0000000002280000,0x0000000002380000)]

siginfo: ExceptionCode=0xc0000005, reading address 0x0000000021dbc000

Registers:
RAX=0x0000000021dea6d8, RBX=0x00000000648c00c0, RCX=0x000000000002e6d8, RDX=0xffffffffbd4b6ce4
RSP=0x000000000237ed38, RBP=0x0000000021d76da4, RSI=0x0000000021dbc000, RDI=0x000000006490531c
R8 =0x0000000000073934, R9 =0x0000000021d76da4, R10=0x0000000021d76da4, R11=0x00000000648c00c0
R12=0x0000000000001908, R13=0x0000000000000000, R14=0x000000000000013f, R15=0x0000000000001401
RIP=0x0000000067abe429, EFLAGS=0x0000000000010217

Top of Stack: (sp=0x000000000237ed38)
0x000000000237ed38:   0000000000073934 000000001fa0b080
0x000000000237ed48:   00000000673b1358 0000000000000173
0x000000000237ed58:   0000000000000108 000000000237ef00
0x000000000237ed68:   0000000000000045 0000000000001908
0x000000000237ed78:   0000000000001401 0000000021d76da4
0x000000000237ed88:   000000000237eec0 0000000000073934
0x000000000237ed98:   000000001b8c9ad8 0000000002380800
0x000000000237eda8:   000000000237ef78 000000001b903908
0x000000000237edb8:   0000000000000000 0000000000000238
0x000000000237edc8:   0000000000000108 000000000237ef00
0x000000000237edd8:   00007ffe0b6f2bfd 0000000000000de1
0x000000000237ede8:   0000000000000000 0000000000001908
0x000000000237edf8:   000000001b903908 0000000000000173
0x000000000237ee08:   0000000000000000 0000000000001908
0x000000000237ee18:   0000000000001401 0000000021d76da4
0x000000000237ee28:   00000007c0063f08 000000001b8c3350 

Instructions: (pc=0x0000000067abe429)
0x0000000067abe409:   03 c0 48 3b c8 0f 8c 96 03 00 00 0f ba 25 5c c9
0x0000000067abe419:   62 00 01 73 13 57 56 48 8b f9 49 8b f2 49 8b c8
0x0000000067abe429:   f3 a4 5e 5f 49 8b c3 c3 0f ba 25 3f c9 62 00 02
0x0000000067abe439:   0f 82 56 02 00 00 f6 c1 07 74 36 f6 c1 01 74 0b 


Register to memory mapping:

RAX=0x0000000021dea6d8 is an unknown value
RBX=0x00000000648c00c0 is an unknown value
RCX=0x000000000002e6d8 is an unknown value
RDX=0xffffffffbd4b6ce4 is an unknown value
RSP=0x000000000237ed38 is pointing into the stack for thread: 0x0000000002380800
RBP=0x0000000021d76da4 is an unknown value
RSI=0x0000000021dbc000 is an unknown value
RDI=0x000000006490531c is an unknown value
R8 =0x0000000000073934 is an unknown value
R9 =0x0000000021d76da4 is an unknown value
R10=0x0000000021d76da4 is an unknown value
R11=0x00000000648c00c0 is an unknown value
R12=0x0000000000001908 is an unknown value
R13=0x0000000000000000 is an unknown value
R14=0x000000000000013f is an unknown value
R15=0x0000000000001401 is an unknown value


Stack: [0x0000000002280000,0x0000000002380000],  sp=0x000000000237ed38,  free space=1019k
Native frames: (J=compiled Java code, j=interpreted, Vv=VM code, C=native code)
C  [nvoglv64.DLL+0xe4e429]
C  0x0000000000073934

Java frames: (J=compiled Java code, j=interpreted, Vv=VM code)
j  org.lwjgl.system.JNI.callIIIIIIIIPV(JIIIIIIIIJ)V+0
j  org.lwjgl.opengl.GL11.nglTexImage2D(IIIIIIIIJ)V+24
j  org.lwjgl.opengl.GL11.glTexImage2D(IIIIIIIILjava/nio/ByteBuffer;)V+30
j  com.CometEngine.DeskTopGL.CEDeskTopGL.TexImage2D(IIIIIIIILjava/nio/ByteBuffer;)V+20
j  com.CometEngine.Renderer.CEGL.TexImage2D(IIIIIIIILjava/nio/ByteBuffer;)V+17
j  com.CometEngine.Renderer.Texture.Textures.CETexture2D.glLoadTexture()V+115
j  com.CometEngine.Renderer.Texture.TextureManager.CETextureManager.LoadUP_GL_UnloadedTexture()V+45
j  com.CometEngine.Renderer.CERenderer.RenderingCommands()V+3
j  Run.main([Ljava/lang/String;)V+74
v  ~StubRoutines::call_stub

---------------  P R O C E S S  ---------------

Java Threads: ( => current thread )
  0x0000000021c9e000 JavaThread "Thread-9" daemon [_thread_in_Java, id=55064, stack(0x0000000022f40000,0x0000000023040000)]
  0x0000000021c99000 JavaThread "Thread-8" daemon [_thread_in_vm, id=55060, stack(0x0000000022e40000,0x0000000022f40000)]
  0x0000000021c99800 JavaThread "Thread-7" daemon [_thread_in_Java, id=39300, stack(0x0000000022d40000,0x0000000022e40000)]
  0x0000000021cb9800 JavaThread "Thread-6" daemon [_thread_in_native, id=55052, stack(0x0000000022c40000,0x0000000022d40000)]
  0x0000000021caa800 JavaThread "Thread-5" daemon [_thread_in_vm, id=53544, stack(0x0000000022b40000,0x0000000022c40000)]
  0x0000000021caa000 JavaThread "Thread-4" daemon [_thread_in_native, id=54872, stack(0x0000000022a40000,0x0000000022b40000)]
  0x0000000021ca9800 JavaThread "Thread-3" daemon [_thread_in_native, id=53788, stack(0x0000000022940000,0x0000000022a40000)]
  0x0000000021ca8800 JavaThread "Thread-2" daemon [_thread_in_native, id=49220, stack(0x0000000022740000,0x0000000022840000)]
  0x0000000021ca8000 JavaThread "Thread-1" daemon [_thread_in_native, id=52608, stack(0x0000000022640000,0x0000000022740000)]
  0x000000001e283000 JavaThread "Thread-0" [_thread_blocked, id=55012, stack(0x0000000022320000,0x0000000022420000)]
  0x000000001e01c800 JavaThread "Service Thread" daemon [_thread_blocked, id=52048, stack(0x000000001e900000,0x000000001ea00000)]
  0x000000001df95800 JavaThread "C1 CompilerThread3" daemon [_thread_blocked, id=54688, stack(0x000000001e800000,0x000000001e900000)]
  0x000000001df91000 JavaThread "C2 CompilerThread2" daemon [_thread_blocked, id=55168, stack(0x000000001e700000,0x000000001e800000)]
  0x000000001df36000 JavaThread "C2 CompilerThread1" daemon [_thread_blocked, id=54684, stack(0x000000001e600000,0x000000001e700000)]
  0x000000001df33000 JavaThread "C2 CompilerThread0" daemon [_thread_blocked, id=54804, stack(0x000000001e500000,0x000000001e600000)]
  0x000000001df31000 JavaThread "Attach Listener" daemon [_thread_blocked, id=54660, stack(0x000000001e400000,0x000000001e500000)]
  0x000000001df8c000 JavaThread "Signal Dispatcher" daemon [_thread_blocked, id=52108, stack(0x000000001e300000,0x000000001e400000)]
  0x000000000247a800 JavaThread "Finalizer" daemon [_thread_blocked, id=52332, stack(0x000000001dd80000,0x000000001de80000)]
  0x0000000002474000 JavaThread "Reference Handler" daemon [_thread_blocked, id=54760, stack(0x000000001dc80000,0x000000001dd80000)]
=>0x0000000002380800 JavaThread "main" [_thread_in_native, id=54332, stack(0x0000000002280000,0x0000000002380000)]

Other Threads:
  0x000000001be99000 VMThread [stack: 0x000000001db80000,0x000000001dc80000] [id=51636]
  0x000000001e088800 WatcherThread [stack: 0x000000001ea00000,0x000000001eb00000] [id=54328]

VM state:not at safepoint (normal execution)

VM Mutex/Monitor currently owned by a thread: None

Heap:
 PSYoungGen      total 76288K, used 30254K [0x000000076b400000, 0x0000000770900000, 0x00000007c0000000)
  eden space 65536K, 46% used [0x000000076b400000,0x000000076d18b8b8,0x000000076f400000)
  from space 10752K, 0% used [0x000000076fe80000,0x000000076fe80000,0x0000000770900000)
  to   space 10752K, 0% used [0x000000076f400000,0x000000076f400000,0x000000076fe80000)
 ParOldGen       total 1728000K, used 1628310K [0x00000006c1c00000, 0x000000072b380000, 0x000000076b400000)
  object space 1728000K, 94% used [0x00000006c1c00000,0x0000000725225b90,0x000000072b380000)
 Metaspace       used 9230K, capacity 9418K, committed 9600K, reserved 1058816K
  class space    used 803K, capacity 859K, committed 896K, reserved 1048576K

Card table byte_map: [0x0000000011840000,0x0000000012040000] byte_map_base: 0x000000000e232000

Marking Bits: (ParMarkBitMap*) 0x0000000068aea5b0
 Begin Bits: [0x0000000012d90000, 0x0000000016d20000)
 End Bits:   [0x0000000016d20000, 0x000000001acb0000)

Polling page: 0x0000000001e80000

CodeCache: size=245760Kb used=2578Kb max_used=2578Kb free=243181Kb
 bounds [0x0000000002480000, 0x0000000002710000, 0x0000000011480000]
 total_blobs=1309 nmethods=600 adapters=622
 compilation: enabled

Compilation events (10 events):
Event: 2.016 Thread 0x000000001df95800 nmethod 585 0x00000000026f9fd0 code [0x00000000026fa120, 0x00000000026fa230]
Event: 2.016 Thread 0x000000001df95800  587   !   3       com.CometEngine.Resrouce.CEResourceManager::getInstence (35 bytes)
Event: 2.016 Thread 0x000000001df95800 nmethod 587 0x00000000026fe3d0 code [0x00000000026fe560, 0x00000000026fea10]
Event: 2.016 Thread 0x000000001df95800  588  s    3       java.util.Hashtable::containsKey (65 bytes)
Event: 2.016 Thread 0x000000001df95800 nmethod 588 0x00000000026feb90 code [0x00000000026fed20, 0x00000000026ff358]
Event: 2.017 Thread 0x000000001df95800  589  s    3       java.util.Hashtable::contains (66 bytes)
Event: 2.017 Thread 0x000000001df95800 nmethod 589 0x00000000026ff5d0 code [0x00000000026ff780, 0x00000000026ffe38]
Event: 2.017 Thread 0x000000001df95800  590       1       com.CometEngine.Renderer.Texture.Textures.CETexture2D::getData (5 bytes)
Event: 2.017 Thread 0x000000001df95800 nmethod 590 0x00000000027000d0 code [0x0000000002700220, 0x0000000002700330]
Event: 2.017 Thread 0x000000001df95800  591   !   3       sun.nio.cs.StreamEncoder::flushBuffer (42 bytes)

GC Heap History (0 events):
No events

Deoptimization events (1 events):
Event: 1.984 Thread 0x0000000021caa000 Uncommon trap: reason=unstable_if action=reinterpret pc=0x00000000026d8d34 method=org.newdawn.slick.opengl.PNGDecoder.readChunk([BII)I @ 5

Internal exceptions (8 events):
Event: 0.023 Thread 0x0000000002380800 Exception <a 'java/lang/NoSuchMethodError': Method sun.misc.Unsafe.defineClass(Ljava/lang/String;[BII)Ljava/lang/Class; name or signature does not match> (0x000000076b413088) thrown at [C:\re\workspace\8-2-build-windows-amd64-cygwin\jdk8u60\4407\hotspot\sr,¢ªÍôS—?
Event: 0.023 Thread 0x0000000002380800 Exception <a 'java/lang/NoSuchMethodError': Method sun.misc.Unsafe.prefetchRead(Ljava/lang/Object;J)V name or signature does not match> (0x000000076b413370) thrown at [C:\re\workspace\8-2-build-windows-amd64-cygwin\jdk8u60\4407\hotspot\src\share\vm\prims\j<Ê‘(g4Ô?
Event: 0.316 Thread 0x0000000002380800 Exception <a 'java/security/PrivilegedActionException'> (0x000000076b941a58) thrown at [C:\re\workspace\8-2-build-windows-amd64-cygwin\jdk8u60\4407\hotspot\src\share\vm\prims\jvm.cpp, line 1386]
Event: 0.316 Thread 0x0000000002380800 Exception <a 'java/security/PrivilegedActionException'> (0x000000076b941e50) thrown at [C:\re\workspace\8-2-build-windows-amd64-cygwin\jdk8u60\4407\hotspot\src\share\vm\prims\jvm.cpp, line 1386]
Event: 0.316 Thread 0x0000000002380800 Exception <a 'java/security/PrivilegedActionException'> (0x000000076b945be0) thrown at [C:\re\workspace\8-2-build-windows-amd64-cygwin\jdk8u60\4407\hotspot\src\share\vm\prims\jvm.cpp, line 1386]
Event: 0.316 Thread 0x0000000002380800 Exception <a 'java/security/PrivilegedActionException'> (0x000000076b945fd8) thrown at [C:\re\workspace\8-2-build-windows-amd64-cygwin\jdk8u60\4407\hotspot\src\share\vm\prims\jvm.cpp, line 1386]
Event: 0.512 Thread 0x000000001e283000 Exception <a 'java/lang/NoSuchFieldError': method resolution failed> (0x000000076c30e600) thrown at [C:\re\workspace\8-2-build-windows-amd64-cygwin\jdk8u60\4407\hotspot\src\share\vm\prims\methodHandles.cpp, line 1146]
Event: 0.513 Thread 0x000000001e283000 Exception <a 'java/lang/NoSuchFieldError': method resolution failed> (0x000000076c31bcf0) thrown at [C:\re\workspace\8-2-build-windows-amd64-cygwin\jdk8u60\4407\hotspot\src\share\vm\prims\methodHandles.cpp, line 1146]

Events (10 events):
Event: 0.900 Thread 0x0000000021cb9800 DEOPT UNPACKING pc=0x00000000024c787f sp=0x0000000022d3ef38 mode 0
Event: 0.901 Thread 0x0000000021cb9800 DEOPT PACKING pc=0x00000000026d2773 sp=0x0000000022d3f220
Event: 0.901 Thread 0x0000000021cb9800 DEOPT UNPACKING pc=0x00000000024c787f sp=0x0000000022d3ef38 mode 0
Event: 0.901 Thread 0x0000000021cb9800 DEOPT PACKING pc=0x00000000026d2773 sp=0x0000000022d3f220
Event: 0.901 Thread 0x0000000021cb9800 DEOPT UNPACKING pc=0x00000000024c787f sp=0x0000000022d3ef38 mode 0
Event: 1.984 loading class com/CometEngine/Event/Manager/CEEventManager
Event: 1.984 loading class com/CometEngine/Event/Manager/CEEventManager done
Event: 1.984 Thread 0x0000000021caa000 Uncommon trap: trap_request=0xffffff65 fr.pc=0x00000000026d8d34
Event: 1.984 Thread 0x0000000021caa000 DEOPT PACKING pc=0x00000000026d8d34 sp=0x0000000022b3eaf0
Event: 1.984 Thread 0x0000000021caa000 DEOPT UNPACKING pc=0x00000000024c582a sp=0x0000000022b3ea88 mode 2


Dynamic libraries:
0x00007ff61fed0000 - 0x00007ff61ff07000 	C:\Program Files\Java\jre1.8.0_60\bin\javaw.exe
0x00007ffe20a70000 - 0x00007ffe20c1d000 	C:\Windows\SYSTEM32\ntdll.dll
0x00007ffe202d0000 - 0x00007ffe2040e000 	C:\Windows\system32\KERNEL32.DLL
0x00007ffe1dfb0000 - 0x00007ffe1e0c5000 	C:\Windows\system32\KERNELBASE.dll
0x00007ffe1c730000 - 0x00007ffe1c7be000 	C:\Windows\system32\apphelp.dll
0x00007ffe0c140000 - 0x00007ffe0c193000 	C:\Windows\AppPatch\AppPatch64\AcGenral.DLL
0x00007ffe200a0000 - 0x00007ffe2014a000 	C:\Windows\system32\msvcrt.dll
0x00007ffe1e0d0000 - 0x00007ffe1e0fe000 	C:\Windows\system32\SspiCli.dll
0x00007ffe206c0000 - 0x00007ffe20714000 	C:\Windows\system32\SHLWAPI.dll
0x00007ffe20150000 - 0x00007ffe202c7000 	C:\Windows\system32\USER32.dll
0x00007ffe1fce0000 - 0x00007ffe1fe74000 	C:\Windows\system32\ole32.dll
0x00007ffe1e5f0000 - 0x00007ffe1fb1a000 	C:\Windows\system32\SHELL32.dll
0x00007ffe1d1d0000 - 0x00007ffe1d1f1000 	C:\Windows\SYSTEM32\USERENV.dll
0x00007ffe20610000 - 0x00007ffe206ba000 	C:\Windows\system32\ADVAPI32.dll
0x00007ffe15d30000 - 0x00007ffe15d4e000 	C:\Windows\SYSTEM32\MPR.dll
0x00007ffe1e4a0000 - 0x00007ffe1e5e0000 	C:\Windows\system32\RPCRT4.dll
0x00007ffe20720000 - 0x00007ffe20779000 	C:\Windows\SYSTEM32\sechost.dll
0x00007ffe1fe80000 - 0x00007ffe20091000 	C:\Windows\SYSTEM32\combase.dll
0x00007ffe20920000 - 0x00007ffe20a70000 	C:\Windows\system32\GDI32.dll
0x00007ffe1dba0000 - 0x00007ffe1dbb5000 	C:\Windows\SYSTEM32\profapi.dll
0x00007ffe1c670000 - 0x00007ffe1c722000 	C:\Windows\SYSTEM32\SHCORE.dll
0x00007ffe208e0000 - 0x00007ffe20916000 	C:\Windows\system32\IMM32.DLL
0x00007ffe20780000 - 0x00007ffe208d2000 	C:\Windows\system32\MSCTF.dll
0x00007ffe1bf40000 - 0x00007ffe1c1bb000 	C:\Windows\WinSxS\amd64_microsoft.windows.common-controls_6595b64144ccf1df_6.0.9600.18006_none_623f33d3ecbe86e8\COMCTL32.dll
0x0000000068b70000 - 0x0000000068c42000 	C:\Program Files\Java\jre1.8.0_60\bin\msvcr100.dll
0x00000000682e0000 - 0x0000000068b69000 	C:\Program Files\Java\jre1.8.0_60\bin\server\jvm.dll
0x00007ffe07f50000 - 0x00007ffe07f59000 	C:\Windows\SYSTEM32\WSOCK32.dll
0x00007ffe1b800000 - 0x00007ffe1b822000 	C:\Windows\SYSTEM32\WINMM.dll
0x00007ffe1b830000 - 0x00007ffe1b83a000 	C:\Windows\SYSTEM32\VERSION.dll
0x00007ffe20600000 - 0x00007ffe20607000 	C:\Windows\system32\PSAPI.DLL
0x00007ffe1fc80000 - 0x00007ffe1fcda000 	C:\Windows\system32\WS2_32.dll
0x00007ffe1b780000 - 0x00007ffe1b7aa000 	C:\Windows\SYSTEM32\WINMMBASE.dll
0x00007ffe1fb40000 - 0x00007ffe1fb49000 	C:\Windows\system32\NSI.dll
0x00007ffe1dc70000 - 0x00007ffe1dcbf000 	C:\Windows\SYSTEM32\cfgmgr32.dll
0x00007ffe1c9c0000 - 0x00007ffe1c9e8000 	C:\Windows\SYSTEM32\DEVOBJ.dll
0x00000000693b0000 - 0x00000000693bf000 	C:\Program Files\Java\jre1.8.0_60\bin\verify.dll
0x00000000682b0000 - 0x00000000682d9000 	C:\Program Files\Java\jre1.8.0_60\bin\java.dll
0x0000000069390000 - 0x00000000693a6000 	C:\Program Files\Java\jre1.8.0_60\bin\zip.dll
0x00007ffe0b6c0000 - 0x00007ffe0b748000 	C:\Users\Seokho\git\cometengine\CometEngine\native\lwjgl.dll
0x00007ffe1dae0000 - 0x00007ffe1daeb000 	C:\Windows\SYSTEM32\CRYPTBASE.DLL
0x00007ffe1da70000 - 0x00007ffe1dad3000 	C:\Windows\SYSTEM32\bcryptPrimitives.dll
0x00007ffe0cb30000 - 0x00007ffe0cb72000 	C:\Users\Seokho\git\cometengine\CometEngine\native\jemalloc.dll
0x00007ffe0c570000 - 0x00007ffe0c5a8000 	C:\Users\Seokho\git\cometengine\CometEngine\native\glfw.dll
0x00007ffe1c820000 - 0x00007ffe1c949000 	C:\Windows\system32\uxtheme.dll
0x00007ffe1c1c0000 - 0x00007ffe1c1e1000 	C:\Windows\SYSTEM32\dwmapi.dll
0x00007ffe02800000 - 0x00007ffe0292b000 	C:\Windows\SYSTEM32\opengl32.dll
0x00007ffe04950000 - 0x00007ffe0497e000 	C:\Windows\SYSTEM32\GLU32.dll
0x00007ffe02700000 - 0x00007ffe027f8000 	C:\Windows\SYSTEM32\DDRAW.dll
0x00007ffe04d30000 - 0x00007ffe04d39000 	C:\Windows\SYSTEM32\DCIMAN32.dll
0x0000000180000000 - 0x0000000180031000 	C:\Windows\system32\ImageSAFERFilter.dll
0x0000000069940000 - 0x0000000069a13000 	C:\Windows\WinSxS\amd64_microsoft.vc90.crt_1fc8b3b9a1e18e3b_9.0.30729.8387_none_08e793bfa83a89b5\MSVCP90.dll
0x0000000069890000 - 0x0000000069933000 	C:\Windows\WinSxS\amd64_microsoft.vc90.crt_1fc8b3b9a1e18e3b_9.0.30729.8387_none_08e793bfa83a89b5\MSVCR90.dll
0x00007ffe19be0000 - 0x00007ffe19c12000 	C:\Windows\SYSTEM32\ntmarta.dll
0x00007ffe1b7f0000 - 0x00007ffe1b7f7000 	C:\Windows\SYSTEM32\MSIMG32.dll
0x0000000066c70000 - 0x00000000681e5000 	C:\Windows\SYSTEM32\nvoglv64.DLL
0x000000001ed80000 - 0x000000001ef5a000 	C:\Windows\system32\SETUPAPI.dll
0x00007ffe1c7c0000 - 0x00007ffe1c7d2000 	C:\Windows\SYSTEM32\WTSAPI32.dll
0x00007ffe1dea0000 - 0x00007ffe1def1000 	C:\Windows\system32\WINTRUST.dll
0x00007ffe1dcc0000 - 0x00007ffe1de9f000 	C:\Windows\system32\CRYPT32.dll
0x00007ffe1dc50000 - 0x00007ffe1dc61000 	C:\Windows\system32\MSASN1.dll
0x00007ffe1d6a0000 - 0x00007ffe1d6e6000 	C:\Windows\SYSTEM32\powrprof.dll
0x00007ffe1ce10000 - 0x00007ffe1ce6a000 	C:\Windows\SYSTEM32\WINSTA.dll
0x00007ffe1c9f0000 - 0x00007ffe1c9fb000 	C:\Windows\SYSTEM32\kernel.appcore.dll
0x0000000068290000 - 0x00000000682aa000 	C:\Program Files\Java\jre1.8.0_60\bin\net.dll
0x00007ffe1cc30000 - 0x00007ffe1cc47000 	C:\Windows\system32\WTFastDrv.dll
0x00007ffe1d440000 - 0x00007ffe1d499000 	C:\Windows\system32\mswsock.dll
0x0000000068270000 - 0x0000000068281000 	C:\Program Files\Java\jre1.8.0_60\bin\nio.dll
0x00007ffe1fb50000 - 0x00007ffe1fc06000 	C:\Windows\SYSTEM32\clbcatq.dll
0x00007ffe02430000 - 0x00007ffe024f3000 	C:\Windows\System32\IME\IMEKR\imkrtip.dll
0x00007ffe1e370000 - 0x00007ffe1e431000 	C:\Windows\system32\OLEAUT32.dll
0x00007ffe18000000 - 0x00007ffe1817f000 	C:\Windows\SYSTEM32\PROPSYS.dll
0x00007ffe022d0000 - 0x00007ffe023e2000 	C:\Windows\System32\IME\shared\imetip.dll
0x00007ffe1b0f0000 - 0x00007ffe1b15a000 	C:\Windows\SYSTEM32\OLEACC.dll
0x00007ffe1c1f0000 - 0x00007ffe1c3b1000 	C:\Windows\SYSTEM32\DUI70.dll
0x00007ffe022a0000 - 0x00007ffe022d0000 	C:\Windows\System32\IME\IMEKR\imkrapi.dll
0x00007ffe02170000 - 0x00007ffe021aa000 	C:\Windows\System32\IME\shared\imjkapi.dll
0x00007ffe15fb0000 - 0x00007ffe16139000 	C:\Windows\SYSTEM32\dbghelp.dll

VM Arguments:
jvm_args: -Djava.library.path=C:\Users\Seokho\git\cometengine\CometEngine\native -Dfile.encoding=MS949 
java_command: Run -Xms 2048 -Xmx 4096
java_class_path (initial): C:\Users\Seokho\git\cometengine\CometEngine.Win32\bin\classes;C:\lwjgl\jar\lwjgl.jar;C:\Users\Seokho\git\cometengine\CometEngine\Lib\lwjgl.jar;C:\Users\Seokho\git\cometengine\CometEngine\Lib\slick.jar
Launcher Type: SUN_STANDARD

Environment Variables:
JAVA_HOME=C:\Program Files\Java\jdk1.7.0_67
CLASSPATH=.;C:\Program Files\Java\jdk1.7.0_67\lib\tools.jar;
PATH=C:\Program Files (x86)\Razer Chroma SDK\bin;C:\Program Files\Razer Chroma SDK\bin;C:\ProgramData\Oracle\Java\javapath;C:\Program Files\Java\jdk1.7.0_67\bin;C:\android-ndk-r10b;C:\Python27; C:\Python34;C:\Windows\system32;C:\Windows;C:\Windows\System32\Wbem;C:\Windows\System32\WindowsPowerShell\v1.0\;C:\Program Files (x86)\Common Files\Acronis\SnapAPI\;C:\Program Files (x86)\Windows Kits\8.1\Windows Performance Toolkit\;C:\Program Files\Microsoft SQL Server\110\Tools\Binn\;C:\Program Files (x86)\Microsoft SDKs\TypeScript\1.0\;C:\Program Files\Microsoft SQL Server\120\Tools\Binn\;C:\Program Files (x86)\GtkSharp\2.12\bin;C:\Program Files (x86)\NVIDIA Corporation\PhysX\Common;C:\Program Files (x86)\Visual Leak Detector\bin\Win32;C:\Program Files (x86)\Visual Leak Detector\bin\Win64;C:\Program Files\Microsoft\Web Platform Installer\;C:\Program Files (x86)\Microsoft SQL Server\100\Tools\Binn\;C:\Program Files\Microsoft SQL Server\100\Tools\Binn\;C:\Program Files\Microsoft SQL Server\100\DTS\Binn\;C:\Cocos\frameworks\cocos2d-x-3.6\tools\cocos2d-console\bin;C:\Cocos\tools\Python27;C:\Program Files (x86)\Skype\Phone\;C:\Windows\system32\config\systemprofile\.dnx\bin;C:\Program Files\Microsoft DNX\Dnvm\;C:\Program Files\Microsoft SQL Server\130\Tools\Binn\;C:\Cocos\frameworks\cocos2d-x-3.6\tools\cocos2d-console\bin;C:\Cocos\tools\Python27
USERNAME=Seokho
OS=Windows_NT
PROCESSOR_IDENTIFIER=Intel64 Family 6 Model 58 Stepping 9, GenuineIntel



---------------  S Y S T E M  ---------------

OS: Windows 8.1 , 64 bit Build 9600 (6.3.9600.17415)

CPU:total 8 (4 cores per cpu, 2 threads per core) family 6 model 58 stepping 9, cmov, cx8, fxsr, mmx, sse, sse2, sse3, ssse3, sse4.1, sse4.2, popcnt, avx, aes, clmul, erms, ht, tsc, tscinvbit, tscinv

Memory: 4k page, physical 16660020k(3433444k free), swap 33437236k(16426988k free)

vm_info: Java HotSpot(TM) 64-Bit Server VM (25.60-b23) for windows-amd64 JRE (1.8.0_60-b27), built on Aug  4 2015 11:06:27 by "java_re" with MS VC++ 10.0 (VS2010)

time: Sun May 22 18:47:23 2016
elapsed time: 2 seconds (0d 0h 0m 2s)

