#
# A fatal error has been detected by the Java Runtime Environment:
#
#  EXCEPTION_ACCESS_VIOLATION (0xc0000005) at pc=0x0000000067abe429, pid=55088, tid=55140
#
# JRE version: Java(TM) SE Runtime Environment (8.0_60-b27) (build 1.8.0_60-b27)
# Java VM: Java HotSpot(TM) 64-Bit Server VM (25.60-b23 mixed mode windows-amd64 compressed oops)
# Problematic frame:
# C  [nvoglv64.DLL+0xe4e429]
#
# Failed to write core dump. Minidumps are not enabled by default on client versions of Windows
#
# If you would like to submit a bug report, please visit:
#   http://bugreport.java.com/bugreport/crash.jsp
# The crash happened outside the Java Virtual Machine in native code.
# See problematic frame for where to report the bug.
#

---------------  T H R E A D  ---------------

Current thread (0x0000000002320800):  JavaThread "main" [_thread_in_native, id=55140, stack(0x0000000002150000,0x0000000002250000)]

siginfo: ExceptionCode=0xc0000005, reading address 0x0000000021c40000

Registers:
RAX=0x0000000021cb2248, RBX=0x0000000069a200c0, RCX=0x0000000000072248, RDX=0xffffffffb821e854
RSP=0x000000000224ed18, RBP=0x0000000021c3e914, RSI=0x0000000021c40000, RDI=0x0000000069a217ac
R8 =0x0000000000073934, R9 =0x0000000021c3e914, R10=0x0000000021c3e914, R11=0x0000000069a200c0
R12=0x0000000000001908, R13=0x0000000000000000, R14=0x000000000000013f, R15=0x0000000000001401
RIP=0x0000000067abe429, EFLAGS=0x0000000000010217

Top of Stack: (sp=0x000000000224ed18)
0x000000000224ed18:   0000000000073934 000000001f8ea080
0x000000000224ed28:   00000000673b1358 0000000000000173
0x000000000224ed38:   0000000000000108 000000000224ef00
0x000000000224ed48:   0000000000000045 0000000000001908
0x000000000224ed58:   0000000000001401 0000000021c3e914
0x000000000224ed68:   000000000224eea0 0000000000073934
0x000000000224ed78:   000000001b869ad8 0000000002320800
0x000000000224ed88:   000000000224ef58 000000001b8a3908
0x000000000224ed98:   0000000000000000 000000000000026e
0x000000000224eda8:   0000000000000108 000000000224eee0
0x000000000224edb8:   00007ffe0b5d2bfd 0000000000000de1
0x000000000224edc8:   0000000000000000 0000000700001908
0x000000000224edd8:   000000001b8a3908 0000000700000173
0x000000000224ede8:   0000000700000000 0000000000001908
0x000000000224edf8:   0000000000001401 0000000021c3e914
0x000000000224ee08:   00000007c0063f08 000000001b863350 

Instructions: (pc=0x0000000067abe429)
0x0000000067abe409:   03 c0 48 3b c8 0f 8c 96 03 00 00 0f ba 25 5c c9
0x0000000067abe419:   62 00 01 73 13 57 56 48 8b f9 49 8b f2 49 8b c8
0x0000000067abe429:   f3 a4 5e 5f 49 8b c3 c3 0f ba 25 3f c9 62 00 02
0x0000000067abe439:   0f 82 56 02 00 00 f6 c1 07 74 36 f6 c1 01 74 0b 


Register to memory mapping:

RAX=0x0000000021cb2248 is an unknown value
RBX=0x0000000069a200c0 is an unknown value
RCX=0x0000000000072248 is an unknown value
RDX=0xffffffffb821e854 is an unknown value
RSP=0x000000000224ed18 is pointing into the stack for thread: 0x0000000002320800
RBP=0x0000000021c3e914 is an unknown value
RSI=0x0000000021c40000 is an unknown value
RDI=0x0000000069a217ac is an unknown value
R8 =0x0000000000073934 is an unknown value
R9 =0x0000000021c3e914 is an unknown value
R10=0x0000000021c3e914 is an unknown value
R11=0x0000000069a200c0 is an unknown value
R12=0x0000000000001908 is an unknown value
R13=0x0000000000000000 is an unknown value
R14=0x000000000000013f is an unknown value
R15=0x0000000000001401 is an unknown value


Stack: [0x0000000002150000,0x0000000002250000],  sp=0x000000000224ed18,  free space=1019k
Native frames: (J=compiled Java code, j=interpreted, Vv=VM code, C=native code)
C  [nvoglv64.DLL+0xe4e429]
C  0x0000000000073934

Java frames: (J=compiled Java code, j=interpreted, Vv=VM code)
j  org.lwjgl.system.JNI.callIIIIIIIIPV(JIIIIIIIIJ)V+0
j  org.lwjgl.opengl.GL11.nglTexImage2D(IIIIIIIIJ)V+24
j  org.lwjgl.opengl.GL11.glTexImage2D(IIIIIIIILjava/nio/ByteBuffer;)V+30
j  com.CometEngine.DeskTopGL.CEDeskTopGL.TexImage2D(IIIIIIIILjava/nio/ByteBuffer;)V+20
j  com.CometEngine.Renderer.CEGL.TexImage2D(IIIIIIIILjava/nio/ByteBuffer;)V+17
j  com.CometEngine.Renderer.Texture.Textures.CETexture2D.glLoadTexture()V+115
j  com.CometEngine.Renderer.Texture.TextureManager.CETextureManager.LoadUP_GL_UnloadedTexture()V+36
j  com.CometEngine.Renderer.CERenderer.RenderingCommands()V+3
j  Run.main([Ljava/lang/String;)V+74
v  ~StubRoutines::call_stub

---------------  P R O C E S S  ---------------

Java Threads: ( => current thread )
  0x0000000021bba000 JavaThread "Thread-9" daemon [_thread_in_native, id=54620, stack(0x0000000022ea0000,0x0000000022fa0000)]
  0x0000000021bb9800 JavaThread "Thread-8" daemon [_thread_in_Java, id=54780, stack(0x0000000022da0000,0x0000000022ea0000)]
  0x0000000021bb8800 JavaThread "Thread-7" daemon [_thread_in_Java, id=54652, stack(0x0000000022ca0000,0x0000000022da0000)]
  0x0000000021bb8000 JavaThread "Thread-6" daemon [_thread_in_vm, id=54608, stack(0x0000000022ba0000,0x0000000022ca0000)]
  0x0000000021bb5000 JavaThread "Thread-5" daemon [_thread_in_vm, id=53868, stack(0x0000000022aa0000,0x0000000022ba0000)]
  0x0000000021bb4800 JavaThread "Thread-4" daemon [_thread_in_native, id=54380, stack(0x00000000229a0000,0x0000000022aa0000)]
  0x0000000021bb4000 JavaThread "Thread-3" daemon [_thread_in_native, id=49912, stack(0x00000000228a0000,0x00000000229a0000)]
  0x0000000021bb3000 JavaThread "Thread-2" daemon [_thread_in_native, id=54540, stack(0x00000000226a0000,0x00000000227a0000)]
  0x0000000021bb2800 JavaThread "Thread-1" daemon [_thread_in_native, id=53944, stack(0x00000000225a0000,0x00000000226a0000)]
  0x0000000021aa0000 JavaThread "Thread-0" [_thread_in_Java, id=2972, stack(0x0000000022250000,0x0000000022350000)]
  0x000000001df28800 JavaThread "Service Thread" daemon [_thread_blocked, id=54416, stack(0x000000001e810000,0x000000001e910000)]
  0x000000001dea3800 JavaThread "C1 CompilerThread3" daemon [_thread_blocked, id=54408, stack(0x000000001e710000,0x000000001e810000)]
  0x000000001dea1000 JavaThread "C2 CompilerThread2" daemon [_thread_blocked, id=54412, stack(0x000000001e610000,0x000000001e710000)]
  0x000000001de9d000 JavaThread "C2 CompilerThread1" daemon [_thread_blocked, id=54404, stack(0x000000001e510000,0x000000001e610000)]
  0x000000001de4b000 JavaThread "C2 CompilerThread0" daemon [_thread_blocked, id=52352, stack(0x000000001e410000,0x000000001e510000)]
  0x000000001de9b800 JavaThread "Attach Listener" daemon [_thread_blocked, id=51548, stack(0x000000001e310000,0x000000001e410000)]
  0x000000001be4e000 JavaThread "Signal Dispatcher" daemon [_thread_blocked, id=54280, stack(0x000000001e210000,0x000000001e310000)]
  0x000000000241a800 JavaThread "Finalizer" daemon [_thread_blocked, id=52340, stack(0x000000001dd10000,0x000000001de10000)]
  0x0000000002414000 JavaThread "Reference Handler" daemon [_thread_blocked, id=55208, stack(0x000000001dc10000,0x000000001dd10000)]
=>0x0000000002320800 JavaThread "main" [_thread_in_native, id=55140, stack(0x0000000002150000,0x0000000002250000)]

Other Threads:
  0x000000001be39000 VMThread [stack: 0x000000001db10000,0x000000001dc10000] [id=55180]
  0x000000001df9a000 WatcherThread [stack: 0x000000001e910000,0x000000001ea10000] [id=52264]

VM state:not at safepoint (normal execution)

VM Mutex/Monitor currently owned by a thread: None

Heap:
 PSYoungGen      total 76288K, used 30254K [0x000000076b400000, 0x0000000770900000, 0x00000007c0000000)
  eden space 65536K, 46% used [0x000000076b400000,0x000000076d18b8d8,0x000000076f400000)
  from space 10752K, 0% used [0x000000076fe80000,0x000000076fe80000,0x0000000770900000)
  to   space 10752K, 0% used [0x000000076f400000,0x000000076f400000,0x000000076fe80000)
 ParOldGen       total 1728000K, used 1628310K [0x00000006c1c00000, 0x000000072b380000, 0x000000076b400000)
  object space 1728000K, 94% used [0x00000006c1c00000,0x0000000725225b90,0x000000072b380000)
 Metaspace       used 9248K, capacity 9418K, committed 9600K, reserved 1058816K
  class space    used 803K, capacity 859K, committed 896K, reserved 1048576K

Card table byte_map: [0x00000000117e0000,0x0000000011fe0000] byte_map_base: 0x000000000e1d2000

Marking Bits: (ParMarkBitMap*) 0x0000000068aea5b0
 Begin Bits: [0x0000000012d30000, 0x0000000016cc0000)
 End Bits:   [0x0000000016cc0000, 0x000000001ac50000)

Polling page: 0x00000000004f0000

CodeCache: size=245760Kb used=2650Kb max_used=2650Kb free=243109Kb
 bounds [0x0000000002420000, 0x00000000026c0000, 0x0000000011420000]
 total_blobs=1325 nmethods=616 adapters=622
 compilation: enabled

Compilation events (10 events):
Event: 2.132 Thread 0x000000001dea3800  604       1       com.CometEngine.Renderer.Texture.Textures.CETexture2D::getData (5 bytes)
Event: 2.132 Thread 0x000000001dea3800 nmethod 604 0x00000000026b1690 code [0x00000000026b17e0, 0x00000000026b18f0]
Event: 2.132 Thread 0x000000001dea3800  605       3       sun.nio.cs.StreamEncoder::writeBytes (132 bytes)
Event: 2.133 Thread 0x000000001dea3800 nmethod 605 0x00000000026b1950 code [0x00000000026b1b60, 0x00000000026b27d8]
Event: 2.133 Thread 0x000000001dea3800  606  s    3       java.io.BufferedOutputStream::write (67 bytes)
Event: 2.134 Thread 0x000000001dea3800 nmethod 606 0x00000000026b2d10 code [0x00000000026b2ee0, 0x00000000026b3738]
Event: 2.134 Thread 0x000000001dea3800  607       3       java.io.FileOutputStream::write (12 bytes)
Event: 2.134 Thread 0x000000001dea3800 nmethod 607 0x00000000026b3a10 code [0x00000000026b3b80, 0x00000000026b3d08]
Event: 2.134 Thread 0x000000001dea3800  608  s    3       java.util.Hashtable::contains (66 bytes)
Event: 2.135 Thread 0x000000001dea3800 nmethod 608 0x00000000026b3dd0 code [0x00000000026b3f80, 0x00000000026b4638]

GC Heap History (0 events):
No events

Deoptimization events (1 events):
Event: 2.095 Thread 0x0000000021bb4000 Uncommon trap: reason=unstable_if action=reinterpret pc=0x000000000268bab4 method=org.newdawn.slick.opengl.PNGDecoder.readChunk([BII)I @ 5

Internal exceptions (8 events):
Event: 0.024 Thread 0x0000000002320800 Exception <a 'java/lang/NoSuchMethodError': Method sun.misc.Unsafe.defineClass(Ljava/lang/String;[BII)Ljava/lang/Class; name or signature does not match> (0x000000076b412f50) thrown at [C:\re\workspace\8-2-build-windows-amd64-cygwin\jdk8u60\4407\hotspot\sr¶¨Ž[Rw˜?
Event: 0.024 Thread 0x0000000002320800 Exception <a 'java/lang/NoSuchMethodError': Method sun.misc.Unsafe.prefetchRead(Ljava/lang/Object;J)V name or signature does not match> (0x000000076b413238) thrown at [C:\re\workspace\8-2-build-windows-amd64-cygwin\jdk8u60\4407\hotspot\src\share\vm\prims\j“NE&+Õ?
Event: 0.329 Thread 0x0000000002320800 Exception <a 'java/security/PrivilegedActionException'> (0x000000076b941958) thrown at [C:\re\workspace\8-2-build-windows-amd64-cygwin\jdk8u60\4407\hotspot\src\share\vm\prims\jvm.cpp, line 1386]
Event: 0.329 Thread 0x0000000002320800 Exception <a 'java/security/PrivilegedActionException'> (0x000000076b941d50) thrown at [C:\re\workspace\8-2-build-windows-amd64-cygwin\jdk8u60\4407\hotspot\src\share\vm\prims\jvm.cpp, line 1386]
Event: 0.330 Thread 0x0000000002320800 Exception <a 'java/security/PrivilegedActionException'> (0x000000076b945ae0) thrown at [C:\re\workspace\8-2-build-windows-amd64-cygwin\jdk8u60\4407\hotspot\src\share\vm\prims\jvm.cpp, line 1386]
Event: 0.330 Thread 0x0000000002320800 Exception <a 'java/security/PrivilegedActionException'> (0x000000076b945ed8) thrown at [C:\re\workspace\8-2-build-windows-amd64-cygwin\jdk8u60\4407\hotspot\src\share\vm\prims\jvm.cpp, line 1386]
Event: 0.507 Thread 0x0000000021aa0000 Exception <a 'java/lang/NoSuchFieldError': method resolution failed> (0x000000076c30e218) thrown at [C:\re\workspace\8-2-build-windows-amd64-cygwin\jdk8u60\4407\hotspot\src\share\vm\prims\methodHandles.cpp, line 1146]
Event: 0.509 Thread 0x0000000021aa0000 Exception <a 'java/lang/NoSuchFieldError': method resolution failed> (0x000000076c31b908) thrown at [C:\re\workspace\8-2-build-windows-amd64-cygwin\jdk8u60\4407\hotspot\src\share\vm\prims\methodHandles.cpp, line 1146]

Events (10 events):
Event: 0.919 Thread 0x0000000021bba000 DEOPT UNPACKING pc=0x000000000246787f sp=0x0000000022f9e938 mode 0
Event: 0.920 Thread 0x0000000021bba000 DEOPT PACKING pc=0x00000000026829b3 sp=0x0000000022f9ec20
Event: 0.920 Thread 0x0000000021bba000 DEOPT UNPACKING pc=0x000000000246787f sp=0x0000000022f9e938 mode 0
Event: 0.921 Thread 0x0000000021bba000 DEOPT PACKING pc=0x00000000026829b3 sp=0x0000000022f9ec20
Event: 0.921 Thread 0x0000000021bba000 DEOPT UNPACKING pc=0x000000000246787f sp=0x0000000022f9e938 mode 0
Event: 2.094 loading class com/CometEngine/Event/Manager/CEEventManager
Event: 2.094 loading class com/CometEngine/Event/Manager/CEEventManager done
Event: 2.095 Thread 0x0000000021bb4000 Uncommon trap: trap_request=0xffffff65 fr.pc=0x000000000268bab4
Event: 2.095 Thread 0x0000000021bb4000 DEOPT PACKING pc=0x000000000268bab4 sp=0x000000002299ed50
Event: 2.095 Thread 0x0000000021bb4000 DEOPT UNPACKING pc=0x000000000246582a sp=0x000000002299ece8 mode 2


Dynamic libraries:
0x00007ff61fed0000 - 0x00007ff61ff07000 	C:\Program Files\Java\jre1.8.0_60\bin\javaw.exe
0x00007ffe20a70000 - 0x00007ffe20c1d000 	C:\Windows\SYSTEM32\ntdll.dll
0x00007ffe202d0000 - 0x00007ffe2040e000 	C:\Windows\system32\KERNEL32.DLL
0x00007ffe1dfb0000 - 0x00007ffe1e0c5000 	C:\Windows\system32\KERNELBASE.dll
0x00007ffe1c730000 - 0x00007ffe1c7be000 	C:\Windows\system32\apphelp.dll
0x00007ffe0c140000 - 0x00007ffe0c193000 	C:\Windows\AppPatch\AppPatch64\AcGenral.DLL
0x00007ffe200a0000 - 0x00007ffe2014a000 	C:\Windows\system32\msvcrt.dll
0x00007ffe1e0d0000 - 0x00007ffe1e0fe000 	C:\Windows\system32\SspiCli.dll
0x00007ffe206c0000 - 0x00007ffe20714000 	C:\Windows\system32\SHLWAPI.dll
0x00007ffe20150000 - 0x00007ffe202c7000 	C:\Windows\system32\USER32.dll
0x00007ffe1fce0000 - 0x00007ffe1fe74000 	C:\Windows\system32\ole32.dll
0x00007ffe1e5f0000 - 0x00007ffe1fb1a000 	C:\Windows\system32\SHELL32.dll
0x00007ffe1d1d0000 - 0x00007ffe1d1f1000 	C:\Windows\SYSTEM32\USERENV.dll
0x00007ffe20610000 - 0x00007ffe206ba000 	C:\Windows\system32\ADVAPI32.dll
0x00007ffe15d30000 - 0x00007ffe15d4e000 	C:\Windows\SYSTEM32\MPR.dll
0x00007ffe1e4a0000 - 0x00007ffe1e5e0000 	C:\Windows\system32\RPCRT4.dll
0x00007ffe20720000 - 0x00007ffe20779000 	C:\Windows\SYSTEM32\sechost.dll
0x00007ffe1fe80000 - 0x00007ffe20091000 	C:\Windows\SYSTEM32\combase.dll
0x00007ffe20920000 - 0x00007ffe20a70000 	C:\Windows\system32\GDI32.dll
0x00007ffe1dba0000 - 0x00007ffe1dbb5000 	C:\Windows\SYSTEM32\profapi.dll
0x00007ffe1c670000 - 0x00007ffe1c722000 	C:\Windows\SYSTEM32\SHCORE.dll
0x00007ffe208e0000 - 0x00007ffe20916000 	C:\Windows\system32\IMM32.DLL
0x00007ffe20780000 - 0x00007ffe208d2000 	C:\Windows\system32\MSCTF.dll
0x00007ffe1bf40000 - 0x00007ffe1c1bb000 	C:\Windows\WinSxS\amd64_microsoft.windows.common-controls_6595b64144ccf1df_6.0.9600.18006_none_623f33d3ecbe86e8\COMCTL32.dll
0x0000000068b70000 - 0x0000000068c42000 	C:\Program Files\Java\jre1.8.0_60\bin\msvcr100.dll
0x00000000682e0000 - 0x0000000068b69000 	C:\Program Files\Java\jre1.8.0_60\bin\server\jvm.dll
0x00007ffe07f50000 - 0x00007ffe07f59000 	C:\Windows\SYSTEM32\WSOCK32.dll
0x00007ffe1b800000 - 0x00007ffe1b822000 	C:\Windows\SYSTEM32\WINMM.dll
0x00007ffe1b830000 - 0x00007ffe1b83a000 	C:\Windows\SYSTEM32\VERSION.dll
0x00007ffe20600000 - 0x00007ffe20607000 	C:\Windows\system32\PSAPI.DLL
0x00007ffe1fc80000 - 0x00007ffe1fcda000 	C:\Windows\system32\WS2_32.dll
0x00007ffe1b780000 - 0x00007ffe1b7aa000 	C:\Windows\SYSTEM32\WINMMBASE.dll
0x00007ffe1fb40000 - 0x00007ffe1fb49000 	C:\Windows\system32\NSI.dll
0x00007ffe1dc70000 - 0x00007ffe1dcbf000 	C:\Windows\SYSTEM32\cfgmgr32.dll
0x00007ffe1c9c0000 - 0x00007ffe1c9e8000 	C:\Windows\SYSTEM32\DEVOBJ.dll
0x00000000693b0000 - 0x00000000693bf000 	C:\Program Files\Java\jre1.8.0_60\bin\verify.dll
0x00000000682b0000 - 0x00000000682d9000 	C:\Program Files\Java\jre1.8.0_60\bin\java.dll
0x0000000069390000 - 0x00000000693a6000 	C:\Program Files\Java\jre1.8.0_60\bin\zip.dll
0x00007ffe0b5a0000 - 0x00007ffe0b628000 	C:\Users\Seokho\git\cometengine\CometEngine\native\lwjgl.dll
0x00007ffe1dae0000 - 0x00007ffe1daeb000 	C:\Windows\SYSTEM32\CRYPTBASE.DLL
0x00007ffe1da70000 - 0x00007ffe1dad3000 	C:\Windows\SYSTEM32\bcryptPrimitives.dll
0x00007ffe0cb30000 - 0x00007ffe0cb72000 	C:\Users\Seokho\git\cometengine\CometEngine\native\jemalloc.dll
0x00007ffe0c570000 - 0x00007ffe0c5a8000 	C:\Users\Seokho\git\cometengine\CometEngine\native\glfw.dll
0x00007ffe1c820000 - 0x00007ffe1c949000 	C:\Windows\system32\uxtheme.dll
0x00007ffe1c1c0000 - 0x00007ffe1c1e1000 	C:\Windows\SYSTEM32\dwmapi.dll
0x00007ffe02800000 - 0x00007ffe0292b000 	C:\Windows\SYSTEM32\opengl32.dll
0x00007ffe04950000 - 0x00007ffe0497e000 	C:\Windows\SYSTEM32\GLU32.dll
0x00007ffe02700000 - 0x00007ffe027f8000 	C:\Windows\SYSTEM32\DDRAW.dll
0x00007ffe04d30000 - 0x00007ffe04d39000 	C:\Windows\SYSTEM32\DCIMAN32.dll
0x0000000180000000 - 0x0000000180031000 	C:\Windows\system32\ImageSAFERFilter.dll
0x0000000069940000 - 0x0000000069a13000 	C:\Windows\WinSxS\amd64_microsoft.vc90.crt_1fc8b3b9a1e18e3b_9.0.30729.8387_none_08e793bfa83a89b5\MSVCP90.dll
0x0000000069890000 - 0x0000000069933000 	C:\Windows\WinSxS\amd64_microsoft.vc90.crt_1fc8b3b9a1e18e3b_9.0.30729.8387_none_08e793bfa83a89b5\MSVCR90.dll
0x00007ffe19be0000 - 0x00007ffe19c12000 	C:\Windows\SYSTEM32\ntmarta.dll
0x00007ffe1b7f0000 - 0x00007ffe1b7f7000 	C:\Windows\SYSTEM32\MSIMG32.dll
0x0000000066c70000 - 0x00000000681e5000 	C:\Windows\SYSTEM32\nvoglv64.DLL
0x000000001ec60000 - 0x000000001ee3a000 	C:\Windows\system32\SETUPAPI.dll
0x00007ffe1c7c0000 - 0x00007ffe1c7d2000 	C:\Windows\SYSTEM32\WTSAPI32.dll
0x00007ffe1dea0000 - 0x00007ffe1def1000 	C:\Windows\system32\WINTRUST.dll
0x00007ffe1dcc0000 - 0x00007ffe1de9f000 	C:\Windows\system32\CRYPT32.dll
0x00007ffe1dc50000 - 0x00007ffe1dc61000 	C:\Windows\system32\MSASN1.dll
0x00007ffe1d6a0000 - 0x00007ffe1d6e6000 	C:\Windows\SYSTEM32\powrprof.dll
0x00007ffe1ce10000 - 0x00007ffe1ce6a000 	C:\Windows\SYSTEM32\WINSTA.dll
0x00007ffe1c9f0000 - 0x00007ffe1c9fb000 	C:\Windows\SYSTEM32\kernel.appcore.dll
0x0000000068290000 - 0x00000000682aa000 	C:\Program Files\Java\jre1.8.0_60\bin\net.dll
0x00007ffe1cc30000 - 0x00007ffe1cc47000 	C:\Windows\system32\WTFastDrv.dll
0x00007ffe1d440000 - 0x00007ffe1d499000 	C:\Windows\system32\mswsock.dll
0x0000000068270000 - 0x0000000068281000 	C:\Program Files\Java\jre1.8.0_60\bin\nio.dll
0x00007ffe1fb50000 - 0x00007ffe1fc06000 	C:\Windows\SYSTEM32\clbcatq.dll
0x00007ffe02430000 - 0x00007ffe024f3000 	C:\Windows\System32\IME\IMEKR\imkrtip.dll
0x00007ffe1e370000 - 0x00007ffe1e431000 	C:\Windows\system32\OLEAUT32.dll
0x00007ffe18000000 - 0x00007ffe1817f000 	C:\Windows\SYSTEM32\PROPSYS.dll
0x00007ffe022d0000 - 0x00007ffe023e2000 	C:\Windows\System32\IME\shared\imetip.dll
0x00007ffe1b0f0000 - 0x00007ffe1b15a000 	C:\Windows\SYSTEM32\OLEACC.dll
0x00007ffe1c1f0000 - 0x00007ffe1c3b1000 	C:\Windows\SYSTEM32\DUI70.dll
0x00007ffe022a0000 - 0x00007ffe022d0000 	C:\Windows\System32\IME\IMEKR\imkrapi.dll
0x00007ffe02170000 - 0x00007ffe021aa000 	C:\Windows\System32\IME\shared\imjkapi.dll
0x00007ffe15fb0000 - 0x00007ffe16139000 	C:\Windows\SYSTEM32\dbghelp.dll

VM Arguments:
jvm_args: -Djava.library.path=C:\Users\Seokho\git\cometengine\CometEngine\native -Dfile.encoding=MS949 
java_command: Run -Xms 2048 -Xmx 4096
java_class_path (initial): C:\Users\Seokho\git\cometengine\CometEngine.Win32\bin\classes;C:\lwjgl\jar\lwjgl.jar;C:\Users\Seokho\git\cometengine\CometEngine\Lib\lwjgl.jar;C:\Users\Seokho\git\cometengine\CometEngine\Lib\slick.jar
Launcher Type: SUN_STANDARD

Environment Variables:
JAVA_HOME=C:\Program Files\Java\jdk1.7.0_67
CLASSPATH=.;C:\Program Files\Java\jdk1.7.0_67\lib\tools.jar;
PATH=C:\Program Files (x86)\Razer Chroma SDK\bin;C:\Program Files\Razer Chroma SDK\bin;C:\ProgramData\Oracle\Java\javapath;C:\Program Files\Java\jdk1.7.0_67\bin;C:\android-ndk-r10b;C:\Python27; C:\Python34;C:\Windows\system32;C:\Windows;C:\Windows\System32\Wbem;C:\Windows\System32\WindowsPowerShell\v1.0\;C:\Program Files (x86)\Common Files\Acronis\SnapAPI\;C:\Program Files (x86)\Windows Kits\8.1\Windows Performance Toolkit\;C:\Program Files\Microsoft SQL Server\110\Tools\Binn\;C:\Program Files (x86)\Microsoft SDKs\TypeScript\1.0\;C:\Program Files\Microsoft SQL Server\120\Tools\Binn\;C:\Program Files (x86)\GtkSharp\2.12\bin;C:\Program Files (x86)\NVIDIA Corporation\PhysX\Common;C:\Program Files (x86)\Visual Leak Detector\bin\Win32;C:\Program Files (x86)\Visual Leak Detector\bin\Win64;C:\Program Files\Microsoft\Web Platform Installer\;C:\Program Files (x86)\Microsoft SQL Server\100\Tools\Binn\;C:\Program Files\Microsoft SQL Server\100\Tools\Binn\;C:\Program Files\Microsoft SQL Server\100\DTS\Binn\;C:\Cocos\frameworks\cocos2d-x-3.6\tools\cocos2d-console\bin;C:\Cocos\tools\Python27;C:\Program Files (x86)\Skype\Phone\;C:\Windows\system32\config\systemprofile\.dnx\bin;C:\Program Files\Microsoft DNX\Dnvm\;C:\Program Files\Microsoft SQL Server\130\Tools\Binn\;C:\Cocos\frameworks\cocos2d-x-3.6\tools\cocos2d-console\bin;C:\Cocos\tools\Python27
USERNAME=Seokho
OS=Windows_NT
PROCESSOR_IDENTIFIER=Intel64 Family 6 Model 58 Stepping 9, GenuineIntel



---------------  S Y S T E M  ---------------

OS: Windows 8.1 , 64 bit Build 9600 (6.3.9600.17415)

CPU:total 8 (4 cores per cpu, 2 threads per core) family 6 model 58 stepping 9, cmov, cx8, fxsr, mmx, sse, sse2, sse3, ssse3, sse4.1, sse4.2, popcnt, avx, aes, clmul, erms, ht, tsc, tscinvbit, tscinv

Memory: 4k page, physical 16660020k(3388112k free), swap 33437236k(16409596k free)

vm_info: Java HotSpot(TM) 64-Bit Server VM (25.60-b23) for windows-amd64 JRE (1.8.0_60-b27), built on Aug  4 2015 11:06:27 by "java_re" with MS VC++ 10.0 (VS2010)

time: Sun May 22 18:45:29 2016
elapsed time: 2 seconds (0d 0h 0m 2s)

