#
# A fatal error has been detected by the Java Runtime Environment:
#
#  EXCEPTION_ACCESS_VIOLATION (0xc0000005) at pc=0x00000000770fd439, pid=4556, tid=13304
#
# JRE version: Java(TM) SE Runtime Environment (8.0_91-b15) (build 1.8.0_91-b15)
# Java VM: Java HotSpot(TM) 64-Bit Server VM (25.91-b15 mixed mode windows-amd64 compressed oops)
# Problematic frame:
# C  [atio6axx.dll+0x174d439]
#
# Failed to write core dump. Minidumps are not enabled by default on client versions of Windows
#
# If you would like to submit a bug report, please visit:
#   http://bugreport.java.com/bugreport/crash.jsp
# The crash happened outside the Java Virtual Machine in native code.
# See problematic frame for where to report the bug.
#

---------------  T H R E A D  ---------------

Current thread (0x0000000002ce0800):  JavaThread "main" [_thread_in_native, id=13304, stack(0x0000000002be0000,0x0000000002ce0000)]

siginfo: ExceptionCode=0xc0000005, reading address 0x000000001ef4d000

Registers:
RAX=0x000000001e5da351, RBX=0x000000001e43a3f0, RCX=0x0000000000000154, RDX=0x00000000009728bd
RSP=0x0000000002cde6c8, RBP=0x00000000000002a3, RSI=0x000000001ef4d000, RDI=0x000000001e5da743
R8 =0x00000000000002a3, R9 =0x00000000000002a3, R10=0x000000001ef4ceb1, R11=0x000000001e5da5f4
R12=0x00000000000002a4, R13=0x000000001ef332c1, R14=0x0000000000000045, R15=0x0000000002cde840
RIP=0x00000000770fd439, EFLAGS=0x0000000000010217

Top of Stack: (sp=0x0000000002cde6c8)
0x0000000002cde6c8:   000000001ef4ceb1 000000001e5da5f4
0x0000000002cde6d8:   0000000076563880 000000001e43a3f0
0x0000000002cde6e8:   0000000000025143 0000000000000000
0x0000000002cde6f8:   0000000000000080 0000000077201e7c
0x0000000002cde708:   0000000019f1c2e0 000000001e48a9d0
0x0000000002cde718:   0000000019eaccd0 0000000000000000
0x0000000002cde728:   00000000000000e1 000000001e48a9d0
0x0000000002cde738:   0000000002cdea00 0000000002cde8d0
0x0000000002cde748:   0000000076563a52 0000000000000001
0x0000000002cde758:   0000000019eaccd0 0000000002cde9e8
0x0000000002cde768:   0000000000000000 0000000000000001
0x0000000002cde778:   0000000000000000 000000000000002d
0x0000000002cde788:   0000000000000000 000000001ef332c1
0x0000000002cde798:   0000000000000001 0000000000000000
0x0000000002cde7a8:   00000000000002a3 00000000000002a4
0x0000000002cde7b8:   0000000000000000 0000000000000000 

Instructions: (pc=0x00000000770fd439)
0x00000000770fd419:   03 c0 48 3b c8 0f 8c 46 03 00 00 0f ba 25 70 74
0x00000000770fd429:   47 00 01 73 13 57 56 48 8b f9 49 8b f2 49 8b c8
0x00000000770fd439:   f3 a4 5e 5f 49 8b c3 c3 f6 c1 07 74 36 f6 c1 01
0x00000000770fd449:   74 0b 8a 04 0a 49 ff c8 88 01 48 ff c1 f6 c1 02 


Register to memory mapping:

RAX=0x000000001e5da351 is an unknown value
RBX=0x000000001e43a3f0 is an unknown value
RCX=0x0000000000000154 is an unknown value
RDX=0x00000000009728bd is an unknown value
RSP=0x0000000002cde6c8 is pointing into the stack for thread: 0x0000000002ce0800
RBP=0x00000000000002a3 is an unknown value
RSI=0x000000001ef4d000 is an unknown value
RDI=0x000000001e5da743 is an unknown value
R8 =0x00000000000002a3 is an unknown value
R9 =0x00000000000002a3 is an unknown value
R10=0x000000001ef4ceb1 is an unknown value
R11=0x000000001e5da5f4 is an unknown value
R12=0x00000000000002a4 is an unknown value
R13=0x000000001ef332c1 is an unknown value
R14=0x0000000000000045 is an unknown value
R15=0x0000000002cde840 is pointing into the stack for thread: 0x0000000002ce0800


Stack: [0x0000000002be0000,0x0000000002ce0000],  sp=0x0000000002cde6c8,  free space=1017k
Native frames: (J=compiled Java code, j=interpreted, Vv=VM code, C=native code)
C  [atio6axx.dll+0x174d439]
C  0x000000001ef4ceb1

Java frames: (J=compiled Java code, j=interpreted, Vv=VM code)
j  org.lwjgl.system.JNI.callIIIIIIIIPV(JIIIIIIIIJ)V+0
j  org.lwjgl.opengl.GL11.nglTexImage2D(IIIIIIIIJ)V+24
j  org.lwjgl.opengl.GL11.glTexImage2D(IIIIIIIILjava/nio/ByteBuffer;)V+30
j  com.CometEngine.DeskTopGL.CEDeskTopGL.TexImage2D(IIIIIIIILjava/nio/ByteBuffer;)V+20
j  com.CometEngine.Renderer.CEGL.TexImage2D(IIIIIIIILjava/nio/ByteBuffer;)V+17
j  com.CometEngine.Renderer.Texture.Textures.CETexture2D.onGLLoad()V+123
j  com.CometEngine.Renderer.CEGLResource.glLoad()V+1
j  com.CometEngine.Renderer.CEGLResourceManager.LoadUPGLResrouce()V+57
j  com.CometEngine.Renderer.CERenderer.RenderingCommands()V+12
j  com.CometEngine.DeskTop.CEDeskTop.RUN()V+21
j  Run.main([Ljava/lang/String;)V+33
v  ~StubRoutines::call_stub

---------------  P R O C E S S  ---------------

Java Threads: ( => current thread )
  0x000000001ee8b800 JavaThread "Timer-0" daemon [_thread_blocked, id=16336, stack(0x00000000204f0000,0x00000000205f0000)]
  0x000000001edf1800 JavaThread "Thread-5" [_thread_blocked, id=4520, stack(0x00000000203f0000,0x00000000204f0000)]
  0x000000001edd2800 JavaThread "Thread-4" daemon [_thread_in_native, id=10440, stack(0x000000001fcc0000,0x000000001fdc0000)]
  0x000000001edd1800 JavaThread "Thread-3" daemon [_thread_in_native, id=8848, stack(0x000000001fbc0000,0x000000001fcc0000)]
  0x000000001ee69000 JavaThread "Thread-2" daemon [_thread_in_native, id=15304, stack(0x000000001fac0000,0x000000001fbc0000)]
  0x000000001ee68000 JavaThread "Thread-1" daemon [_thread_in_native, id=7420, stack(0x000000001f9c0000,0x000000001fac0000)]
  0x000000001ee67800 JavaThread "Thread-0" daemon [_thread_in_native, id=11032, stack(0x000000001f8c0000,0x000000001f9c0000)]
  0x0000000019008800 JavaThread "Service Thread" daemon [_thread_blocked, id=3372, stack(0x0000000019570000,0x0000000019670000)]
  0x0000000018f73800 JavaThread "C1 CompilerThread2" daemon [_thread_blocked, id=16328, stack(0x0000000019470000,0x0000000019570000)]
  0x000000001797e800 JavaThread "C2 CompilerThread1" daemon [_thread_blocked, id=20908, stack(0x0000000019370000,0x0000000019470000)]
  0x000000001797c800 JavaThread "C2 CompilerThread0" daemon [_thread_blocked, id=8288, stack(0x0000000018e70000,0x0000000018f70000)]
  0x000000001797a800 JavaThread "Attach Listener" daemon [_thread_blocked, id=18376, stack(0x0000000018d70000,0x0000000018e70000)]
  0x000000001792c000 JavaThread "Signal Dispatcher" daemon [_thread_blocked, id=14496, stack(0x0000000018c70000,0x0000000018d70000)]
  0x0000000002ddb000 JavaThread "Finalizer" daemon [_thread_blocked, id=12184, stack(0x0000000018b70000,0x0000000018c70000)]
  0x0000000002dcf000 JavaThread "Reference Handler" daemon [_thread_blocked, id=15516, stack(0x0000000018a70000,0x0000000018b70000)]
=>0x0000000002ce0800 JavaThread "main" [_thread_in_native, id=13304, stack(0x0000000002be0000,0x0000000002ce0000)]

Other Threads:
  0x00000000178e8000 VMThread [stack: 0x0000000018970000,0x0000000018a70000] [id=17276]
  0x0000000019056800 WatcherThread [stack: 0x0000000019670000,0x0000000019770000] [id=11744]

VM state:not at safepoint (normal execution)

VM Mutex/Monitor currently owned by a thread: None

Heap:
 PSYoungGen      total 38400K, used 21549K [0x00000000d5e00000, 0x00000000d8880000, 0x0000000100000000)
  eden space 33280K, 64% used [0x00000000d5e00000,0x00000000d730b758,0x00000000d7e80000)
  from space 5120K, 0% used [0x00000000d8380000,0x00000000d8380000,0x00000000d8880000)
  to   space 5120K, 0% used [0x00000000d7e80000,0x00000000d7e80000,0x00000000d8380000)
 ParOldGen       total 87552K, used 0K [0x0000000081a00000, 0x0000000086f80000, 0x00000000d5e00000)
  object space 87552K, 0% used [0x0000000081a00000,0x0000000081a00000,0x0000000086f80000)
 Metaspace       used 9709K, capacity 9950K, committed 10240K, reserved 1058816K
  class space    used 875K, capacity 955K, committed 1024K, reserved 1048576K

Card table byte_map: [0x00000000121a0000,0x00000000125a0000] byte_map_base: 0x0000000011d93000

Marking Bits: (ParMarkBitMap*) 0x0000000077f72f70
 Begin Bits: [0x0000000012c50000, 0x0000000014be8000)
 End Bits:   [0x0000000014be8000, 0x0000000016b80000)

Polling page: 0x0000000000e30000

CodeCache: size=245760Kb used=2773Kb max_used=2783Kb free=242987Kb
 bounds [0x0000000002de0000, 0x00000000030a0000, 0x0000000011de0000]
 total_blobs=1388 nmethods=665 adapters=636
 compilation: enabled

Compilation events (10 events):
Event: 3.260 Thread 0x0000000018f73800  660       3       com.CometEngine.DeskTopGL.CEDeskTopGL::DrawElements (10 bytes)
Event: 3.260 Thread 0x0000000018f73800 nmethod 660 0x0000000003093810 code [0x00000000030939e0, 0x0000000003093ef8]
Event: 3.260 Thread 0x0000000018f73800  661       3       org.lwjgl.opengl.GL11::glDrawElements (21 bytes)
Event: 3.260 Thread 0x000000001797c800  665       4       com.CometEngine.Util.Meth.CEMatrix4f::translate (182 bytes)
Event: 3.260 Thread 0x0000000018f73800 nmethod 661 0x0000000003094450 code [0x0000000003094640, 0x0000000003094da8]
Event: 3.260 Thread 0x0000000018f73800  662       3       org.lwjgl.opengl.GL11::nglDrawElements (18 bytes)
Event: 3.261 Thread 0x0000000018f73800 nmethod 662 0x0000000003095350 code [0x0000000003095520, 0x0000000003095bf8]
Event: 3.261 Thread 0x0000000018f73800  664       1       com.CometEngine.Renderer.VAO.CEVAO::getID (5 bytes)
Event: 3.261 Thread 0x000000001797c800 nmethod 665 0x0000000003091b50 code [0x0000000003091c80, 0x0000000003091d58]
Event: 3.261 Thread 0x0000000018f73800 nmethod 664 0x0000000003098a50 code [0x0000000003098ba0, 0x0000000003098cb0]

GC Heap History (0 events):
No events

Deoptimization events (0 events):
No events

Internal exceptions (8 events):
Event: 0.034 Thread 0x0000000002ce0800 Exception <a 'java/lang/NoSuchMethodError': Method sun.misc.Unsafe.defineClass(Ljava/lang/String;[BII)Ljava/lang/Class; name or signature does not match> (0x00000000d5e07cc0) thrown at [C:\re\workspace\8-2-build-windows-amd64-cygwin\jdk8u91\7017\hotspot\sr¨ŸàR¡?
Event: 0.034 Thread 0x0000000002ce0800 Exception <a 'java/lang/NoSuchMethodError': Method sun.misc.Unsafe.prefetchRead(Ljava/lang/Object;J)V name or signature does not match> (0x00000000d5e07fa8) thrown at [C:\re\workspace\8-2-build-windows-amd64-cygwin\jdk8u91\7017\hotspot\src\share\vm\prims\j7a×Íf°
Event: 2.086 Thread 0x0000000002ce0800 Exception <a 'java/security/PrivilegedActionException'> (0x00000000d61b9a28) thrown at [C:\re\workspace\8-2-build-windows-amd64-cygwin\jdk8u91\7017\hotspot\src\share\vm\prims\jvm.cpp, line 1386]
Event: 2.086 Thread 0x0000000002ce0800 Exception <a 'java/security/PrivilegedActionException'> (0x00000000d61b9e20) thrown at [C:\re\workspace\8-2-build-windows-amd64-cygwin\jdk8u91\7017\hotspot\src\share\vm\prims\jvm.cpp, line 1386]
Event: 2.087 Thread 0x0000000002ce0800 Exception <a 'java/security/PrivilegedActionException'> (0x00000000d61bdd98) thrown at [C:\re\workspace\8-2-build-windows-amd64-cygwin\jdk8u91\7017\hotspot\src\share\vm\prims\jvm.cpp, line 1386]
Event: 2.087 Thread 0x0000000002ce0800 Exception <a 'java/security/PrivilegedActionException'> (0x00000000d61be190) thrown at [C:\re\workspace\8-2-build-windows-amd64-cygwin\jdk8u91\7017\hotspot\src\share\vm\prims\jvm.cpp, line 1386]
Event: 2.533 Thread 0x0000000002ce0800 Exception <a 'java/lang/NoSuchFieldError': method resolution failed> (0x00000000d6be9500) thrown at [C:\re\workspace\8-2-build-windows-amd64-cygwin\jdk8u91\7017\hotspot\src\share\vm\prims\methodHandles.cpp, line 1146]
Event: 2.534 Thread 0x0000000002ce0800 Exception <a 'java/lang/NoSuchFieldError': method resolution failed> (0x00000000d6bf6bf0) thrown at [C:\re\workspace\8-2-build-windows-amd64-cygwin\jdk8u91\7017\hotspot\src\share\vm\prims\methodHandles.cpp, line 1146]

Events (10 events):
Event: 3.241 loading class com/CometEngine/Scheduler/CESchedule$SCHEDULETYPE done
Event: 3.243 loading class java/util/Timer
Event: 3.243 loading class java/util/Timer done
Event: 3.243 loading class java/util/TaskQueue
Event: 3.243 loading class java/util/TaskQueue done
Event: 3.243 loading class java/util/TimerThread
Event: 3.243 loading class java/util/TimerThread done
Event: 3.243 loading class java/util/Timer$1
Event: 3.243 loading class java/util/Timer$1 done
Event: 3.244 Thread 0x000000001ee8b800 Thread added: 0x000000001ee8b800


Dynamic libraries:
0x00007ff6824d0000 - 0x00007ff682507000 	C:\Program Files\Java\jre1.8.0_91\bin\javaw.exe
0x00007ffbb7ff0000 - 0x00007ffbb81b1000 	C:\WINDOWS\SYSTEM32\ntdll.dll
0x00007ffbb53d0000 - 0x00007ffbb547d000 	C:\WINDOWS\system32\KERNEL32.DLL
0x00007ffbb48f0000 - 0x00007ffbb4ad8000 	C:\WINDOWS\system32\KERNELBASE.dll
0x00007ffbb7e50000 - 0x00007ffbb7ef7000 	C:\WINDOWS\system32\ADVAPI32.dll
0x00007ffbb7270000 - 0x00007ffbb730d000 	C:\WINDOWS\system32\msvcrt.dll
0x00007ffbb6f20000 - 0x00007ffbb6f7b000 	C:\WINDOWS\system32\sechost.dll
0x00007ffbb55e0000 - 0x00007ffbb56fc000 	C:\WINDOWS\system32\RPCRT4.dll
0x00007ffbb7b40000 - 0x00007ffbb7c96000 	C:\WINDOWS\system32\USER32.dll
0x00007ffbb5700000 - 0x00007ffbb5886000 	C:\WINDOWS\system32\GDI32.dll
0x00007ffba7d80000 - 0x00007ffba7ff4000 	C:\WINDOWS\WinSxS\amd64_microsoft.windows.common-controls_6595b64144ccf1df_6.0.10586.494_none_a2d8b04ea53e3145\COMCTL32.dll
0x00007ffbb6f80000 - 0x00007ffbb71fd000 	C:\WINDOWS\system32\combase.dll
0x00007ffbb5130000 - 0x00007ffbb519a000 	C:\WINDOWS\system32\bcryptPrimitives.dll
0x00007ffbb73e0000 - 0x00007ffbb741b000 	C:\WINDOWS\system32\IMM32.DLL
0x00000000518b0000 - 0x0000000051982000 	C:\Program Files\Java\jre1.8.0_91\bin\msvcr100.dll
0x0000000077760000 - 0x0000000077ff3000 	C:\Program Files\Java\jre1.8.0_91\bin\server\jvm.dll
0x00007ffbb5900000 - 0x00007ffbb5908000 	C:\WINDOWS\system32\PSAPI.DLL
0x00007ffba4460000 - 0x00007ffba4469000 	C:\WINDOWS\SYSTEM32\WSOCK32.dll
0x00007ffbb2be0000 - 0x00007ffbb2c03000 	C:\WINDOWS\SYSTEM32\WINMM.dll
0x00007ffbb7f80000 - 0x00007ffbb7feb000 	C:\WINDOWS\system32\WS2_32.dll
0x00007ffbb37d0000 - 0x00007ffbb37da000 	C:\WINDOWS\SYSTEM32\VERSION.dll
0x00007ffbb2bb0000 - 0x00007ffbb2bdc000 	C:\WINDOWS\SYSTEM32\WINMMBASE.dll
0x00007ffbb4730000 - 0x00007ffbb4773000 	C:\WINDOWS\system32\cfgmgr32.dll
0x0000000051a50000 - 0x0000000051a5f000 	C:\Program Files\Java\jre1.8.0_91\bin\verify.dll
0x0000000051a20000 - 0x0000000051a49000 	C:\Program Files\Java\jre1.8.0_91\bin\java.dll
0x0000000051a00000 - 0x0000000051a16000 	C:\Program Files\Java\jre1.8.0_91\bin\zip.dll
0x00007ffbb5910000 - 0x00007ffbb6e6c000 	C:\WINDOWS\system32\SHELL32.dll
0x00007ffbb4ae0000 - 0x00007ffbb5125000 	C:\WINDOWS\system32\windows.storage.dll
0x00007ffbb76a0000 - 0x00007ffbb76f2000 	C:\WINDOWS\system32\shlwapi.dll
0x00007ffbb4660000 - 0x00007ffbb466f000 	C:\WINDOWS\system32\kernel.appcore.dll
0x00007ffbb4830000 - 0x00007ffbb48e5000 	C:\WINDOWS\system32\shcore.dll
0x00007ffbb45f0000 - 0x00007ffbb463b000 	C:\WINDOWS\system32\powrprof.dll
0x00007ffbb4640000 - 0x00007ffbb4654000 	C:\WINDOWS\system32\profapi.dll
0x00007ffb8f500000 - 0x00007ffb8f588000 	H:\cometgit\cometengine\CometEngine\native\lwjgl.dll
0x00007ffbb40f0000 - 0x00007ffbb40fb000 	C:\WINDOWS\SYSTEM32\CRYPTBASE.DLL
0x00007ffba6300000 - 0x00007ffba6342000 	H:\cometgit\cometengine\CometEngine\native\jemalloc.dll
0x00007ffba74d0000 - 0x00007ffba7508000 	H:\cometgit\cometengine\CometEngine\native\glfw.dll
0x00007ffbb2f40000 - 0x00007ffbb2fd6000 	C:\WINDOWS\system32\uxtheme.dll
0x00007ffbb19c0000 - 0x00007ffbb19e2000 	C:\WINDOWS\SYSTEM32\dwmapi.dll
0x00007ffb96450000 - 0x00007ffb96579000 	C:\WINDOWS\SYSTEM32\opengl32.dll
0x00007ffb963e0000 - 0x00007ffb9640e000 	C:\WINDOWS\SYSTEM32\GLU32.dll
0x00007ffb962e0000 - 0x00007ffb963da000 	C:\WINDOWS\SYSTEM32\DDRAW.dll
0x00007ffb9aea0000 - 0x00007ffb9aea8000 	C:\WINDOWS\SYSTEM32\DCIMAN32.dll
0x00007ffbb5480000 - 0x00007ffbb55da000 	C:\WINDOWS\system32\MSCTF.dll
0x00007ffbb2380000 - 0x00007ffbb2398000 	C:\WINDOWS\SYSTEM32\atig6pxx.dll
0x00000000759b0000 - 0x0000000077753000 	C:\WINDOWS\SYSTEM32\atio6axx.dll
0x00007ffbb7700000 - 0x00007ffbb7b29000 	C:\WINDOWS\system32\SETUPAPI.dll
0x00007ffb8c5e0000 - 0x00007ffb8c728000 	C:\WINDOWS\SYSTEM32\atiadlxx.dll
0x00007ffbb7550000 - 0x00007ffbb7693000 	C:\WINDOWS\system32\ole32.dll
0x00007ffbb2580000 - 0x00007ffbb2706000 	C:\WINDOWS\SYSTEM32\PROPSYS.dll
0x00007ffbb2710000 - 0x00007ffbb2723000 	C:\WINDOWS\SYSTEM32\WTSAPI32.dll
0x00007ffbb3db0000 - 0x00007ffbb3dcf000 	C:\WINDOWS\SYSTEM32\USERENV.dll
0x00007ffbb1460000 - 0x00007ffbb1498000 	C:\WINDOWS\SYSTEM32\IPHLPAPI.DLL
0x00007ffbb7310000 - 0x00007ffbb73d1000 	C:\WINDOWS\system32\OLEAUT32.dll
0x00007ffbb2f10000 - 0x00007ffbb2f37000 	C:\WINDOWS\SYSTEM32\DEVOBJ.dll
0x00007ffbb5370000 - 0x00007ffbb53c5000 	C:\WINDOWS\system32\WINTRUST.dll
0x00007ffbb4670000 - 0x00007ffbb4680000 	C:\WINDOWS\system32\MSASN1.dll
0x00007ffbb51a0000 - 0x00007ffbb5368000 	C:\WINDOWS\system32\CRYPT32.dll
0x00007ffba63f0000 - 0x00007ffba641c000 	C:\WINDOWS\SYSTEM32\atig6txx.dll
0x00007ffba4090000 - 0x00007ffba40bd000 	C:\WINDOWS\SYSTEM32\DINPUT.DLL
0x00007ffbb34d0000 - 0x00007ffbb34dc000 	C:\WINDOWS\SYSTEM32\HID.DLL
0x00000000519e0000 - 0x00000000519fa000 	C:\Program Files\Java\jre1.8.0_91\bin\net.dll
0x00007ffbb3f20000 - 0x00007ffbb3f7c000 	C:\WINDOWS\system32\mswsock.dll
0x00000000519c0000 - 0x00000000519d1000 	C:\Program Files\Java\jre1.8.0_91\bin\nio.dll
0x00007ffbb6e70000 - 0x00007ffbb6f17000 	C:\WINDOWS\system32\clbcatq.dll
0x00007ffba5250000 - 0x00007ffba5318000 	C:\Windows\System32\IME\IMEKR\imkrtip.dll
0x00007ffba50f0000 - 0x00007ffba524a000 	C:\Windows\System32\IME\shared\imetip.dll
0x00007ffba6800000 - 0x00007ffba686a000 	C:\WINDOWS\SYSTEM32\OLEACC.dll
0x00007ffba4f30000 - 0x00007ffba50e3000 	C:\WINDOWS\SYSTEM32\DUI70.dll
0x00007ffba4ef0000 - 0x00007ffba4f27000 	C:\Windows\System32\IME\IMEKR\imkrapi.dll
0x00007ffba4eb0000 - 0x00007ffba4ee9000 	C:\Windows\System32\IME\shared\imjkapi.dll
0x00007ffbb3b40000 - 0x00007ffbb3b71000 	C:\WINDOWS\SYSTEM32\ntmarta.dll
0x00007ffb9ac70000 - 0x00007ffb9adfc000 	C:\WINDOWS\SYSTEM32\dbghelp.dll

VM Arguments:
jvm_args: -Djava.library.path=H:\cometgit\cometengine\CometEngine\native -Dfile.encoding=MS949 
java_command: Run
java_class_path (initial): H:\cometgit\cometengine\CometEngine.Win32\bin\classes;H:\cometgit\cometengine\CometEngine\Lib\slick.jar;H:\cometgit\cometengine\CometEngine\Lib\lwjgl.jar
Launcher Type: SUN_STANDARD

Environment Variables:
PATH=C:/Program Files/Java/jre1.8.0_91/bin/server;C:/Program Files/Java/jre1.8.0_91/bin;C:/Program Files/Java/jre1.8.0_91/lib/amd64;C:\ProgramData\Oracle\Java\javapath;C:\Program Files (x86)\Intel\iCLS Client\;C:\Program Files\Intel\iCLS Client\;C:\WINDOWS\system32;C:\WINDOWS;C:\WINDOWS\System32\Wbem;C:\WINDOWS\System32\WindowsPowerShell\v1.0\;C:\Program Files\Intel\WiFi\bin\;C:\Program Files\Common Files\Intel\WirelessCommon\;c:\Program Files (x86)\ATI Technologies\ATI.ACE\Core-Static;C:\Program Files\Intel\Intel(R) Management Engine Components\DAL;C:\Program Files (x86)\Intel\Intel(R) Management Engine Components\DAL;C:\Program Files\Intel\Intel(R) Management Engine Components\IPT;C:\Program Files (x86)\Intel\Intel(R) Management Engine Components\IPT;C:\OpenCV\build\x64\vc14\bin;C:\Program Files\OpenVPN\bin;C:\Program Files (x86)\nodejs\;C:\Program Files\Git\cmd;C:\Program Files\Microsoft SQL Server\130\Tools\Binn\;C:\Program Files (x86)\Windows Kits\10\Windows Performance Toolkit\;C:\Program Files\Microsoft SQL Server\120\Tools\Binn\;C:\WINDOWS\system32\config\systemprofile\.dnx\bin;C:\Program Files\Microsoft DNX\Dnvm\;C:\Python27;E:\Cocos2D\cocos2d-x-3.10\templates;E:\Cocos2D\cocos2d-x-3.10\tools\cocos2d-console\bin;C:\Users\¼Û¼®È£\AppData\Roaming\npm;C:\Python27;E:\android-ndk-r11c;C:\WINDOWS\system32;
USERNAME=¼Û¼®È£
OS=Windows_NT
PROCESSOR_IDENTIFIER=Intel64 Family 6 Model 61 Stepping 4, GenuineIntel



---------------  S Y S T E M  ---------------

OS: Windows 10.0 , 64 bit Build 10586 (10.0.10586.0)

CPU:total 4 (2 cores per cpu, 2 threads per core) family 6 model 61 stepping 4, cmov, cx8, fxsr, mmx, sse, sse2, sse3, ssse3, sse4.1, sse4.2, popcnt, avx, avx2, aes, clmul, erms, 3dnowpref, lzcnt, ht, tsc, tscinvbit, bmi1, bmi2, adx

Memory: 4k page, physical 8277100k(2944340k free), swap 16665708k(9167324k free)

vm_info: Java HotSpot(TM) 64-Bit Server VM (25.91-b15) for windows-amd64 JRE (1.8.0_91-b15), built on May 20 2016 17:43:15 by "java_re" with MS VC++ 10.0 (VS2010)

time: Wed Jul 20 19:39:23 2016
elapsed time: 3 seconds (0d 0h 0m 3s)

