#
# A fatal error has been detected by the Java Runtime Environment:
#
#  EXCEPTION_ACCESS_VIOLATION (0xc0000005) at pc=0x00000000770fd870, pid=10596, tid=13152
#
# JRE version: Java(TM) SE Runtime Environment (8.0_91-b15) (build 1.8.0_91-b15)
# Java VM: Java HotSpot(TM) 64-Bit Server VM (25.91-b15 mixed mode windows-amd64 compressed oops)
# Problematic frame:
# C  [atio6axx.dll+0x174d870]
#
# Failed to write core dump. Minidumps are not enabled by default on client versions of Windows
#
# If you would like to submit a bug report, please visit:
#   http://bugreport.java.com/bugreport/crash.jsp
# The crash happened outside the Java Virtual Machine in native code.
# See problematic frame for where to report the bug.
#

---------------  T H R E A D  ---------------

Current thread (0x00000000032f0800):  JavaThread "main" [_thread_in_native, id=13152, stack(0x00000000031f0000,0x00000000032f0000)]

siginfo: ExceptionCode=0xc0000005, reading address 0x00000000233d9ff8

Registers:
RAX=0x000000000000003f, RBX=0x000000001ebb37b0, RCX=0x00000000239dd000, RDX=0xffffffffff9fd000
RSP=0x00000000032eec28, RBP=0x0000000077480a68, RSI=0x00000000007e9000, RDI=0x000000001e7404b0
R8 =0x0000000000603000, R9 =0x0000000001210110, R10=0x0000000001210110, R11=0x00000000233da040
R12=0x000000001a6a2380, R13=0x0000000022dd7040, R14=0x00000000007e9000, R15=0x00000000032eed90
RIP=0x00000000770fd870, EFLAGS=0x0000000000010216

Top of Stack: (sp=0x00000000032eec28)
0x00000000032eec28:   00000000765638a6 000000001ebb37b0
0x00000000032eec38:   00000000007e9000 0000000000000000
0x00000000032eec48:   0000000000000080 0000000077202154
0x00000000032eec58:   000000001a6a2380 000000001ebde9f0
0x00000000032eec68:   000000001a632d70 0000000000000000
0x00000000032eec78:   0000000000000438 000000001ebde9f0
0x00000000032eec88:   00000000032eef50 00000000032eee20
0x00000000032eec98:   0000000076563a52 0000000000000001
0x00000000032eeca8:   000000001a632d70 00000000032eef38
0x00000000032eecb8:   0000000000000000 0000000000000001
0x00000000032eecc8:   0000000000000000 0000000000000036
0x00000000032eecd8:   0000000000000000 0000000022dd7040
0x00000000032eece8:   0000000000000001 0000000000000000
0x00000000032eecf8:   0000000000001e00 0000000000001e00
0x00000000032eed08:   0000000000000000 0000000000000000
0x00000000032eed18:   0000000000000000 0000000000000438 

Instructions: (pc=0x00000000770fd870)
0x00000000770fd850:   48 81 e9 80 00 00 00 0f 18 04 0a 0f 18 44 0a 40
0x00000000770fd860:   ff c8 75 ec 48 81 c1 00 10 00 00 b8 40 00 00 00
0x00000000770fd870:   4c 8b 4c 0a f8 4c 8b 54 0a f0 4c 0f c3 49 f8 4c
0x00000000770fd880:   0f c3 51 f0 4c 8b 4c 0a e8 4c 8b 54 0a e0 4c 0f 


Register to memory mapping:

RAX=0x000000000000003f is an unknown value
RBX=0x000000001ebb37b0 is an unknown value
RCX=0x00000000239dd000 is an unknown value
RDX=0xffffffffff9fd000 is an unknown value
RSP=0x00000000032eec28 is pointing into the stack for thread: 0x00000000032f0800
RBP=0x0000000077480a68 is an unknown value
RSI=0x00000000007e9000 is an unknown value
RDI=0x000000001e7404b0 is an unknown value
R8 =0x0000000000603000 is an unknown value
R9 =0x0000000001210110 is an unknown value
R10=0x0000000001210110 is an unknown value
R11=0x00000000233da040 is an unknown value
R12=0x000000001a6a2380 is an unknown value
R13=0x0000000022dd7040 is an unknown value
R14=0x00000000007e9000 is an unknown value
R15=0x00000000032eed90 is pointing into the stack for thread: 0x00000000032f0800


Stack: [0x00000000031f0000,0x00000000032f0000],  sp=0x00000000032eec28,  free space=1019k
Native frames: (J=compiled Java code, j=interpreted, Vv=VM code, C=native code)
C  [atio6axx.dll+0x174d870]
C  [atio6axx.dll+0xbb38a6]
C  [atio6axx.dll+0xbb3a52]
C  [atio6axx.dll+0xb67e45]
C  [atio6axx.dll+0xb3aff8]
C  [atio6axx.dll+0x21d755]
C  [atio6axx.dll+0x755773]
C  [lwjgl.dll+0x32bfd]
C  0x0000000003407f54

Java frames: (J=compiled Java code, j=interpreted, Vv=VM code)
j  org.lwjgl.system.JNI.callIIIIIIIIPV(JIIIIIIIIJ)V+0
j  org.lwjgl.opengl.GL11.nglTexImage2D(IIIIIIIIJ)V+24
j  org.lwjgl.opengl.GL11.glTexImage2D(IIIIIIIILjava/nio/ByteBuffer;)V+30
j  com.CometEngine.DeskTopGL.CEDeskTopGL.TexImage2D(IIIIIIIILjava/nio/ByteBuffer;)V+20
j  com.CometEngine.Renderer.CEGL.TexImage2D(IIIIIIIILjava/nio/ByteBuffer;)V+17
j  com.CometEngine.Renderer.Texture.Textures.CETexture2D.onGLLoad()V+123
j  com.CometEngine.Renderer.CEGLResource.glLoad()V+1
j  com.CometEngine.Renderer.CEGLResourceManager.LoadUPGLResrouce()V+57
j  com.CometEngine.Renderer.CERenderer.RenderingCommands()V+12
j  com.CometEngine.DeskTop.CEDeskTop.RUN()V+21
j  Run.main([Ljava/lang/String;)V+33
v  ~StubRoutines::call_stub

---------------  P R O C E S S  ---------------

Java Threads: ( => current thread )
  0x000000001f273800 JavaThread "Timer-0" daemon [_thread_blocked, id=16948, stack(0x00000000207a0000,0x00000000208a0000)]
  0x000000001f33a800 JavaThread "Thread-5" [_thread_blocked, id=22012, stack(0x00000000206a0000,0x00000000207a0000)]
  0x000000001f325800 JavaThread "Thread-4" daemon [_thread_in_native, id=1048, stack(0x000000001ff70000,0x0000000020070000)]
  0x000000001f324800 JavaThread "Thread-3" daemon [_thread_in_native, id=10964, stack(0x000000001fe70000,0x000000001ff70000)]
  0x000000001f324000 JavaThread "Thread-2" daemon [_thread_in_native, id=19388, stack(0x000000001fd70000,0x000000001fe70000)]
  0x000000001f323000 JavaThread "Thread-1" daemon [_thread_in_native, id=19892, stack(0x000000001fc70000,0x000000001fd70000)]
  0x000000001f320000 JavaThread "Thread-0" daemon [_thread_in_native, id=4592, stack(0x000000001fb70000,0x000000001fc70000)]
  0x0000000019671000 JavaThread "Service Thread" daemon [_thread_blocked, id=10752, stack(0x0000000019c10000,0x0000000019d10000)]
  0x000000001966b800 JavaThread "C1 CompilerThread2" daemon [_thread_blocked, id=3184, stack(0x0000000019b10000,0x0000000019c10000)]
  0x0000000019668800 JavaThread "C2 CompilerThread1" daemon [_thread_blocked, id=8868, stack(0x0000000019a10000,0x0000000019b10000)]
  0x0000000017f8b800 JavaThread "C2 CompilerThread0" daemon [_thread_blocked, id=13044, stack(0x0000000019510000,0x0000000019610000)]
  0x0000000017f89800 JavaThread "Attach Listener" daemon [_thread_blocked, id=22888, stack(0x0000000019410000,0x0000000019510000)]
  0x0000000017f3c800 JavaThread "Signal Dispatcher" daemon [_thread_blocked, id=11468, stack(0x0000000019310000,0x0000000019410000)]
  0x0000000017f1a000 JavaThread "Finalizer" daemon [_thread_blocked, id=21340, stack(0x0000000019190000,0x0000000019290000)]
  0x00000000033df000 JavaThread "Reference Handler" daemon [_thread_blocked, id=14132, stack(0x0000000019090000,0x0000000019190000)]
=>0x00000000032f0800 JavaThread "main" [_thread_in_native, id=13152, stack(0x00000000031f0000,0x00000000032f0000)]

Other Threads:
  0x0000000017ef8000 VMThread [stack: 0x0000000018f90000,0x0000000019090000] [id=22876]
  0x0000000019697000 WatcherThread [stack: 0x0000000019d10000,0x0000000019e10000] [id=4168]

VM state:not at safepoint (normal execution)

VM Mutex/Monitor currently owned by a thread: None

Heap:
 PSYoungGen      total 38400K, used 27418K [0x00000000d5e00000, 0x00000000d8880000, 0x0000000100000000)
  eden space 33280K, 67% used [0x00000000d5e00000,0x00000000d73c9c88,0x00000000d7e80000)
  from space 5120K, 99% used [0x00000000d8380000,0x00000000d887cf00,0x00000000d8880000)
  to   space 5120K, 0% used [0x00000000d7e80000,0x00000000d7e80000,0x00000000d8380000)
 ParOldGen       total 87552K, used 9598K [0x0000000081a00000, 0x0000000086f80000, 0x00000000d5e00000)
  object space 87552K, 10% used [0x0000000081a00000,0x000000008235f8c8,0x0000000086f80000)
 Metaspace       used 9808K, capacity 10018K, committed 10240K, reserved 1058816K
  class space    used 882K, capacity 955K, committed 1024K, reserved 1048576K

Card table byte_map: [0x00000000127b0000,0x0000000012bb0000] byte_map_base: 0x00000000123a3000

Marking Bits: (ParMarkBitMap*) 0x0000000077f72f70
 Begin Bits: [0x0000000013260000, 0x00000000151f8000)
 End Bits:   [0x00000000151f8000, 0x0000000017190000)

Polling page: 0x0000000003110000

CodeCache: size=245760Kb used=3110Kb max_used=3122Kb free=242649Kb
 bounds [0x00000000033f0000, 0x0000000003710000, 0x00000000123f0000]
 total_blobs=1466 nmethods=739 adapters=640
 compilation: enabled

Compilation events (10 events):
Event: 3.196 Thread 0x000000001966b800  734       3       com.CometEngine.CELib.Object.CERenderableObject::Drawing (12 bytes)
Event: 3.196 Thread 0x0000000019668800  735       4       com.CometEngine.Font.CEBMPFont::getChar (9 bytes)
Event: 3.196 Thread 0x000000001966b800 nmethod 734 0x00000000036e6d10 code [0x00000000036e6e80, 0x00000000036e70c8]
Event: 3.197 Thread 0x000000001966b800  736 % !   3       com.CometEngine.Resrouce.CEImageResrouceLoader$4::complite @ 59 (204 bytes)
Event: 3.199 Thread 0x000000001966b800 nmethod 736% 0x00000000036f5450 code [0x00000000036f5760, 0x00000000036f7038]
Event: 3.199 Thread 0x000000001966b800  737   !   3       com.CometEngine.Resrouce.CEImageResrouceLoader$4::complite (204 bytes)
Event: 3.201 Thread 0x0000000019668800 nmethod 735 0x00000000036e62d0 code [0x00000000036e6460, 0x00000000036e67b8]
Event: 3.202 Thread 0x000000001966b800 nmethod 737 0x00000000036faf50 code [0x00000000036fb2c0, 0x00000000036fcf98]
Event: 3.202 Thread 0x0000000017f8b800  738 % !   4       com.CometEngine.Resrouce.CEImageResrouceLoader$4::complite @ 59 (204 bytes)
Event: 3.215 Thread 0x0000000017f8b800 nmethod 738% 0x00000000036f8c90 code [0x00000000036f8e00, 0x00000000036f9558]

GC Heap History (4 events):
Event: 2.990 GC heap before
{Heap before GC invocations=1 (full 0):
 PSYoungGen      total 38400K, used 33280K [0x00000000d5e00000, 0x00000000d8880000, 0x0000000100000000)
  eden space 33280K, 100% used [0x00000000d5e00000,0x00000000d7e80000,0x00000000d7e80000)
  from space 5120K, 0% used [0x00000000d8380000,0x00000000d8380000,0x00000000d8880000)
  to   space 5120K, 0% used [0x00000000d7e80000,0x00000000d7e80000,0x00000000d8380000)
 ParOldGen       total 87552K, used 0K [0x0000000081a00000, 0x0000000086f80000, 0x00000000d5e00000)
  object space 87552K, 0% used [0x0000000081a00000,0x0000000081a00000,0x0000000086f80000)
 Metaspace       used 9778K, capacity 10018K, committed 10240K, reserved 1058816K
  class space    used 882K, capacity 955K, committed 1024K, reserved 1048576K
Event: 2.998 GC heap after
Heap after GC invocations=1 (full 0):
 PSYoungGen      total 38400K, used 5117K [0x00000000d5e00000, 0x00000000d8880000, 0x0000000100000000)
  eden space 33280K, 0% used [0x00000000d5e00000,0x00000000d5e00000,0x00000000d7e80000)
  from space 5120K, 99% used [0x00000000d7e80000,0x00000000d837f6d0,0x00000000d8380000)
  to   space 5120K, 0% used [0x00000000d8380000,0x00000000d8380000,0x00000000d8880000)
 ParOldGen       total 87552K, used 9454K [0x0000000081a00000, 0x0000000086f80000, 0x00000000d5e00000)
  object space 87552K, 10% used [0x0000000081a00000,0x000000008233bab8,0x0000000086f80000)
 Metaspace       used 9778K, capacity 10018K, committed 10240K, reserved 1058816K
  class space    used 882K, capacity 955K, committed 1024K, reserved 1048576K
}
Event: 3.135 GC heap before
{Heap before GC invocations=2 (full 0):
 PSYoungGen      total 38400K, used 38397K [0x00000000d5e00000, 0x00000000d8880000, 0x0000000100000000)
  eden space 33280K, 100% used [0x00000000d5e00000,0x00000000d7e80000,0x00000000d7e80000)
  from space 5120K, 99% used [0x00000000d7e80000,0x00000000d837f6d0,0x00000000d8380000)
  to   space 5120K, 0% used [0x00000000d8380000,0x00000000d8380000,0x00000000d8880000)
 ParOldGen       total 87552K, used 9454K [0x0000000081a00000, 0x0000000086f80000, 0x00000000d5e00000)
  object space 87552K, 10% used [0x0000000081a00000,0x000000008233bab8,0x0000000086f80000)
 Metaspace       used 9799K, capacity 10018K, committed 10240K, reserved 1058816K
  class space    used 882K, capacity 955K, committed 1024K, reserved 1048576K
Event: 3.137 GC heap after
Heap after GC invocations=2 (full 0):
 PSYoungGen      total 38400K, used 5107K [0x00000000d5e00000, 0x00000000d8880000, 0x0000000100000000)
  eden space 33280K, 0% used [0x00000000d5e00000,0x00000000d5e00000,0x00000000d7e80000)
  from space 5120K, 99% used [0x00000000d8380000,0x00000000d887cf00,0x00000000d8880000)
  to   space 5120K, 0% used [0x00000000d7e80000,0x00000000d7e80000,0x00000000d8380000)
 ParOldGen       total 87552K, used 9598K [0x0000000081a00000, 0x0000000086f80000, 0x00000000d5e00000)
  object space 87552K, 10% used [0x0000000081a00000,0x000000008235f8c8,0x0000000086f80000)
 Metaspace       used 9799K, capacity 10018K, committed 10240K, reserved 1058816K
  class space    used 882K, capacity 955K, committed 1024K, reserved 1048576K
}

Deoptimization events (9 events):
Event: 2.958 Thread 0x000000001f325800 Uncommon trap: reason=unstable_if action=reinterpret pc=0x0000000003690ff0 method=com.CometEngine.Util.JPEGTool.JPEGDecoder.readApp(Ljava/io/InputStream;)I @ 25
Event: 3.027 Thread 0x000000001f325800 Uncommon trap: reason=unstable_if action=reinterpret pc=0x00000000036b9bb8 method=com.CometEngine.Util.JPEGTool.JPEGDecoder.HuffmanValue([I[I[ILjava/io/InputStream;)I @ 94
Event: 3.027 Thread 0x000000001f325800 Uncommon trap: reason=unstable_if action=reinterpret pc=0x00000000036c28a4 method=com.CometEngine.Util.JPEGTool.JPEGDecoder.decode_MCU(Ljava/io/InputStream;[I[I[I)I @ 169
Event: 3.028 Thread 0x000000001f325800 Uncommon trap: reason=unstable_if action=reinterpret pc=0x00000000036995b4 method=com.CometEngine.Util.JPEGTool.JPEGDecoder.YUV_to_BGR(III)I @ 95
Event: 3.028 Thread 0x000000001f325800 Uncommon trap: reason=unstable_if action=reinterpret pc=0x00000000036c09ac method=com.CometEngine.Util.JPEGTool.JPEGDecoder.decode_MCU(Ljava/io/InputStream;[I[I[I)I @ 169
Event: 3.038 Thread 0x000000001f325800 Uncommon trap: reason=unstable_if action=reinterpret pc=0x00000000036ba694 method=com.CometEngine.Util.JPEGTool.JPEGDecoder.YUV_to_BGR(III)I @ 19
Event: 3.058 Thread 0x000000001f325800 Uncommon trap: reason=unstable_if action=reinterpret pc=0x00000000036d40d8 method=com.CometEngine.Util.JPEGTool.JPEGDecoder.YUV_to_BGR(III)I @ 19
Event: 3.084 Thread 0x000000001f325800 Uncommon trap: reason=unstable_if action=reinterpret pc=0x00000000036dce04 method=com.CometEngine.Util.JPEGTool.JPEGDecoder.YUV_to_BGR(III)I @ 60
Event: 3.108 Thread 0x000000001f325800 Uncommon trap: reason=unstable_if action=reinterpret pc=0x00000000036debbc method=com.CometEngine.Util.JPEGTool.JPEGDecoder.decode_MCU(Ljava/io/InputStream;[I[I[I)I @ 176

Internal exceptions (8 events):
Event: 0.038 Thread 0x00000000032f0800 Exception <a 'java/lang/NoSuchMethodError': Method sun.misc.Unsafe.defineClass(Ljava/lang/String;[BII)Ljava/lang/Class; name or signature does not match> (0x00000000d5e07cc0) thrown at [C:\re\workspace\8-2-build-windows-amd64-cygwin\jdk8u91\7017\hotspot\sr^霖=
썵?
Event: 0.038 Thread 0x00000000032f0800 Exception <a 'java/lang/NoSuchMethodError': Method sun.misc.Unsafe.prefetchRead(Ljava/lang/Object;J)V name or signature does not match> (0x00000000d5e07fa8) thrown at [C:\re\workspace\8-2-build-windows-amd64-cygwin\jdk8u91\7017\hotspot\src\share\vm\prims\j뿧v롁@
Event: 2.223 Thread 0x00000000032f0800 Exception <a 'java/security/PrivilegedActionException'> (0x00000000d61b9a28) thrown at [C:\re\workspace\8-2-build-windows-amd64-cygwin\jdk8u91\7017\hotspot\src\share\vm\prims\jvm.cpp, line 1386]
Event: 2.223 Thread 0x00000000032f0800 Exception <a 'java/security/PrivilegedActionException'> (0x00000000d61b9e20) thrown at [C:\re\workspace\8-2-build-windows-amd64-cygwin\jdk8u91\7017\hotspot\src\share\vm\prims\jvm.cpp, line 1386]
Event: 2.224 Thread 0x00000000032f0800 Exception <a 'java/security/PrivilegedActionException'> (0x00000000d61bdd98) thrown at [C:\re\workspace\8-2-build-windows-amd64-cygwin\jdk8u91\7017\hotspot\src\share\vm\prims\jvm.cpp, line 1386]
Event: 2.224 Thread 0x00000000032f0800 Exception <a 'java/security/PrivilegedActionException'> (0x00000000d61be190) thrown at [C:\re\workspace\8-2-build-windows-amd64-cygwin\jdk8u91\7017\hotspot\src\share\vm\prims\jvm.cpp, line 1386]
Event: 2.627 Thread 0x00000000032f0800 Exception <a 'java/lang/NoSuchFieldError': method resolution failed> (0x00000000d6c092e8) thrown at [C:\re\workspace\8-2-build-windows-amd64-cygwin\jdk8u91\7017\hotspot\src\share\vm\prims\methodHandles.cpp, line 1146]
Event: 2.628 Thread 0x00000000032f0800 Exception <a 'java/lang/NoSuchFieldError': method resolution failed> (0x00000000d6c169d8) thrown at [C:\re\workspace\8-2-build-windows-amd64-cygwin\jdk8u91\7017\hotspot\src\share\vm\prims\methodHandles.cpp, line 1146]

Events (10 events):
Event: 3.116 Thread 0x000000001f325800 DEOPT PACKING pc=0x00000000036e2cce sp=0x000000002006e910
Event: 3.116 Thread 0x000000001f325800 DEOPT UNPACKING pc=0x000000000343787f sp=0x000000002006e698 mode 0
Event: 3.116 Thread 0x000000001f325800 DEOPT PACKING pc=0x00000000036e2cce sp=0x000000002006e910
Event: 3.116 Thread 0x000000001f325800 DEOPT UNPACKING pc=0x000000000343787f sp=0x000000002006e698 mode 0
Event: 3.116 Thread 0x000000001f325800 DEOPT PACKING pc=0x00000000036e2cce sp=0x000000002006e910
Event: 3.116 Thread 0x000000001f325800 DEOPT UNPACKING pc=0x000000000343787f sp=0x000000002006e698 mode 0
Event: 3.135 Executing VM operation: ParallelGCFailedAllocation
Event: 3.137 Executing VM operation: ParallelGCFailedAllocation done
Event: 3.215 Thread 0x000000001f325800 DEOPT PACKING pc=0x00000000036f6b08 sp=0x000000002006eaa0
Event: 3.215 Thread 0x000000001f325800 DEOPT UNPACKING pc=0x000000000343787f sp=0x000000002006e870 mode 0


Dynamic libraries:
0x00007ff6824d0000 - 0x00007ff682507000 	C:\Program Files\Java\jre1.8.0_91\bin\javaw.exe
0x00007ffbb7ff0000 - 0x00007ffbb81b1000 	C:\WINDOWS\SYSTEM32\ntdll.dll
0x00007ffbb53d0000 - 0x00007ffbb547d000 	C:\WINDOWS\system32\KERNEL32.DLL
0x00007ffbb48f0000 - 0x00007ffbb4ad8000 	C:\WINDOWS\system32\KERNELBASE.dll
0x00007ffbb7e50000 - 0x00007ffbb7ef7000 	C:\WINDOWS\system32\ADVAPI32.dll
0x00007ffbb7270000 - 0x00007ffbb730d000 	C:\WINDOWS\system32\msvcrt.dll
0x00007ffbb6f20000 - 0x00007ffbb6f7b000 	C:\WINDOWS\system32\sechost.dll
0x00007ffbb55e0000 - 0x00007ffbb56fc000 	C:\WINDOWS\system32\RPCRT4.dll
0x00007ffbb7b40000 - 0x00007ffbb7c96000 	C:\WINDOWS\system32\USER32.dll
0x00007ffbb5700000 - 0x00007ffbb5886000 	C:\WINDOWS\system32\GDI32.dll
0x00007ffba7d80000 - 0x00007ffba7ff4000 	C:\WINDOWS\WinSxS\amd64_microsoft.windows.common-controls_6595b64144ccf1df_6.0.10586.494_none_a2d8b04ea53e3145\COMCTL32.dll
0x00007ffbb6f80000 - 0x00007ffbb71fd000 	C:\WINDOWS\system32\combase.dll
0x00007ffbb5130000 - 0x00007ffbb519a000 	C:\WINDOWS\system32\bcryptPrimitives.dll
0x00007ffbb73e0000 - 0x00007ffbb741b000 	C:\WINDOWS\system32\IMM32.DLL
0x00000000518b0000 - 0x0000000051982000 	C:\Program Files\Java\jre1.8.0_91\bin\msvcr100.dll
0x0000000077760000 - 0x0000000077ff3000 	C:\Program Files\Java\jre1.8.0_91\bin\server\jvm.dll
0x00007ffbb5900000 - 0x00007ffbb5908000 	C:\WINDOWS\system32\PSAPI.DLL
0x00007ffbb2be0000 - 0x00007ffbb2c03000 	C:\WINDOWS\SYSTEM32\WINMM.dll
0x00007ffba4460000 - 0x00007ffba4469000 	C:\WINDOWS\SYSTEM32\WSOCK32.dll
0x00007ffbb7f80000 - 0x00007ffbb7feb000 	C:\WINDOWS\system32\WS2_32.dll
0x00007ffbb37d0000 - 0x00007ffbb37da000 	C:\WINDOWS\SYSTEM32\VERSION.dll
0x00007ffbb2bb0000 - 0x00007ffbb2bdc000 	C:\WINDOWS\SYSTEM32\WINMMBASE.dll
0x00007ffbb4730000 - 0x00007ffbb4773000 	C:\WINDOWS\system32\cfgmgr32.dll
0x0000000051a50000 - 0x0000000051a5f000 	C:\Program Files\Java\jre1.8.0_91\bin\verify.dll
0x0000000051a20000 - 0x0000000051a49000 	C:\Program Files\Java\jre1.8.0_91\bin\java.dll
0x0000000051a00000 - 0x0000000051a16000 	C:\Program Files\Java\jre1.8.0_91\bin\zip.dll
0x00007ffbb5910000 - 0x00007ffbb6e6c000 	C:\WINDOWS\system32\SHELL32.dll
0x00007ffbb4ae0000 - 0x00007ffbb5125000 	C:\WINDOWS\system32\windows.storage.dll
0x00007ffbb76a0000 - 0x00007ffbb76f2000 	C:\WINDOWS\system32\shlwapi.dll
0x00007ffbb4660000 - 0x00007ffbb466f000 	C:\WINDOWS\system32\kernel.appcore.dll
0x00007ffbb4830000 - 0x00007ffbb48e5000 	C:\WINDOWS\system32\shcore.dll
0x00007ffbb45f0000 - 0x00007ffbb463b000 	C:\WINDOWS\system32\powrprof.dll
0x00007ffbb4640000 - 0x00007ffbb4654000 	C:\WINDOWS\system32\profapi.dll
0x00007ffb9bbd0000 - 0x00007ffb9bc58000 	H:\cometgit\cometengine\CometEngine\native\lwjgl.dll
0x00007ffbb40f0000 - 0x00007ffbb40fb000 	C:\WINDOWS\SYSTEM32\CRYPTBASE.DLL
0x00007ffba6300000 - 0x00007ffba6342000 	H:\cometgit\cometengine\CometEngine\native\jemalloc.dll
0x00007ffba57e0000 - 0x00007ffba5818000 	H:\cometgit\cometengine\CometEngine\native\glfw.dll
0x00007ffbb2f40000 - 0x00007ffbb2fd6000 	C:\WINDOWS\system32\uxtheme.dll
0x00007ffbb19c0000 - 0x00007ffbb19e2000 	C:\WINDOWS\SYSTEM32\dwmapi.dll
0x00007ffb96450000 - 0x00007ffb96579000 	C:\WINDOWS\SYSTEM32\opengl32.dll
0x00007ffb963e0000 - 0x00007ffb9640e000 	C:\WINDOWS\SYSTEM32\GLU32.dll
0x00007ffb962e0000 - 0x00007ffb963da000 	C:\WINDOWS\SYSTEM32\DDRAW.dll
0x00007ffb9aea0000 - 0x00007ffb9aea8000 	C:\WINDOWS\SYSTEM32\DCIMAN32.dll
0x00007ffbb5480000 - 0x00007ffbb55da000 	C:\WINDOWS\system32\MSCTF.dll
0x00007ffbac700000 - 0x00007ffbac718000 	C:\WINDOWS\SYSTEM32\atig6pxx.dll
0x00000000759b0000 - 0x0000000077753000 	C:\WINDOWS\SYSTEM32\atio6axx.dll
0x00007ffbb7700000 - 0x00007ffbb7b29000 	C:\WINDOWS\system32\SETUPAPI.dll
0x00007ffb8c5e0000 - 0x00007ffb8c728000 	C:\WINDOWS\SYSTEM32\atiadlxx.dll
0x00007ffbb7550000 - 0x00007ffbb7693000 	C:\WINDOWS\system32\ole32.dll
0x00007ffbb2580000 - 0x00007ffbb2706000 	C:\WINDOWS\SYSTEM32\PROPSYS.dll
0x00007ffbb2710000 - 0x00007ffbb2723000 	C:\WINDOWS\SYSTEM32\WTSAPI32.dll
0x00007ffbb3db0000 - 0x00007ffbb3dcf000 	C:\WINDOWS\SYSTEM32\USERENV.dll
0x00007ffbb1460000 - 0x00007ffbb1498000 	C:\WINDOWS\SYSTEM32\IPHLPAPI.DLL
0x00007ffbb7310000 - 0x00007ffbb73d1000 	C:\WINDOWS\system32\OLEAUT32.dll
0x00007ffbb2f10000 - 0x00007ffbb2f37000 	C:\WINDOWS\SYSTEM32\DEVOBJ.dll
0x00007ffbb5370000 - 0x00007ffbb53c5000 	C:\WINDOWS\system32\WINTRUST.dll
0x00007ffbb4670000 - 0x00007ffbb4680000 	C:\WINDOWS\system32\MSASN1.dll
0x00007ffbb51a0000 - 0x00007ffbb5368000 	C:\WINDOWS\system32\CRYPT32.dll
0x00007ffba3f10000 - 0x00007ffba3f3c000 	C:\WINDOWS\SYSTEM32\atig6txx.dll
0x00007ffb9b5f0000 - 0x00007ffb9b61d000 	C:\WINDOWS\SYSTEM32\DINPUT.DLL
0x00007ffbb34d0000 - 0x00007ffbb34dc000 	C:\WINDOWS\SYSTEM32\HID.DLL
0x00000000519e0000 - 0x00000000519fa000 	C:\Program Files\Java\jre1.8.0_91\bin\net.dll
0x00007ffbb3f20000 - 0x00007ffbb3f7c000 	C:\WINDOWS\system32\mswsock.dll
0x00000000519c0000 - 0x00000000519d1000 	C:\Program Files\Java\jre1.8.0_91\bin\nio.dll
0x00007ffbb6e70000 - 0x00007ffbb6f17000 	C:\WINDOWS\system32\clbcatq.dll
0x00007ffba5250000 - 0x00007ffba5318000 	C:\Windows\System32\IME\IMEKR\imkrtip.dll
0x00007ffba50f0000 - 0x00007ffba524a000 	C:\Windows\System32\IME\shared\imetip.dll
0x00007ffba4f30000 - 0x00007ffba50e3000 	C:\WINDOWS\SYSTEM32\DUI70.dll
0x00007ffba6800000 - 0x00007ffba686a000 	C:\WINDOWS\SYSTEM32\OLEACC.dll
0x00007ffba4ef0000 - 0x00007ffba4f27000 	C:\Windows\System32\IME\IMEKR\imkrapi.dll
0x00007ffba4eb0000 - 0x00007ffba4ee9000 	C:\Windows\System32\IME\shared\imjkapi.dll
0x00007ffbb3b40000 - 0x00007ffbb3b71000 	C:\WINDOWS\SYSTEM32\ntmarta.dll
0x00007ffb9ac70000 - 0x00007ffb9adfc000 	C:\WINDOWS\SYSTEM32\dbghelp.dll

VM Arguments:
jvm_args: -Djava.library.path=H:\cometgit\cometengine\CometEngine\native -Dfile.encoding=MS949 
java_command: Run
java_class_path (initial): H:\cometgit\cometengine\CometEngine.Win32\bin\classes;H:\cometgit\cometengine\CometEngine\Lib\slick.jar;H:\cometgit\cometengine\CometEngine\Lib\lwjgl.jar
Launcher Type: SUN_STANDARD

Environment Variables:
PATH=C:/Program Files/Java/jre1.8.0_91/bin/server;C:/Program Files/Java/jre1.8.0_91/bin;C:/Program Files/Java/jre1.8.0_91/lib/amd64;C:\ProgramData\Oracle\Java\javapath;C:\Program Files (x86)\Intel\iCLS Client\;C:\Program Files\Intel\iCLS Client\;C:\WINDOWS\system32;C:\WINDOWS;C:\WINDOWS\System32\Wbem;C:\WINDOWS\System32\WindowsPowerShell\v1.0\;C:\Program Files\Intel\WiFi\bin\;C:\Program Files\Common Files\Intel\WirelessCommon\;c:\Program Files (x86)\ATI Technologies\ATI.ACE\Core-Static;C:\Program Files\Intel\Intel(R) Management Engine Components\DAL;C:\Program Files (x86)\Intel\Intel(R) Management Engine Components\DAL;C:\Program Files\Intel\Intel(R) Management Engine Components\IPT;C:\Program Files (x86)\Intel\Intel(R) Management Engine Components\IPT;C:\OpenCV\build\x64\vc14\bin;C:\Program Files\OpenVPN\bin;C:\Program Files (x86)\nodejs\;C:\Program Files\Git\cmd;C:\Program Files\Microsoft SQL Server\130\Tools\Binn\;C:\Program Files (x86)\Windows Kits\10\Windows Performance Toolkit\;C:\Program Files\Microsoft SQL Server\120\Tools\Binn\;C:\WINDOWS\system32\config\systemprofile\.dnx\bin;C:\Program Files\Microsoft DNX\Dnvm\;C:\Python27;E:\Cocos2D\cocos2d-x-3.10\templates;E:\Cocos2D\cocos2d-x-3.10\tools\cocos2d-console\bin;C:\Users\송석호\AppData\Roaming\npm;C:\Python27;E:\android-ndk-r11c;C:\WINDOWS\system32;
USERNAME=송석호
OS=Windows_NT
PROCESSOR_IDENTIFIER=Intel64 Family 6 Model 61 Stepping 4, GenuineIntel



---------------  S Y S T E M  ---------------

OS: Windows 10.0 , 64 bit Build 10586 (10.0.10586.0)

CPU:total 4 (2 cores per cpu, 2 threads per core) family 6 model 61 stepping 4, cmov, cx8, fxsr, mmx, sse, sse2, sse3, ssse3, sse4.1, sse4.2, popcnt, avx, avx2, aes, clmul, erms, 3dnowpref, lzcnt, ht, tsc, tscinvbit, bmi1, bmi2, adx

Memory: 4k page, physical 8277100k(2399672k free), swap 16665708k(8369728k free)

vm_info: Java HotSpot(TM) 64-Bit Server VM (25.91-b15) for windows-amd64 JRE (1.8.0_91-b15), built on May 20 2016 17:43:15 by "java_re" with MS VC++ 10.0 (VS2010)

time: Thu Jul 21 10:10:13 2016
elapsed time: 3 seconds (0d 0h 0m 3s)

