#
# A fatal error has been detected by the Java Runtime Environment:
#
#  EXCEPTION_ACCESS_VIOLATION (0xc0000005) at pc=0x00000000684ae429, pid=25940, tid=23896
#
# JRE version: Java(TM) SE Runtime Environment (8.0_60-b27) (build 1.8.0_60-b27)
# Java VM: Java HotSpot(TM) 64-Bit Server VM (25.60-b23 mixed mode windows-amd64 compressed oops)
# Problematic frame:
# C  [nvoglv64.DLL+0xe4e429]
#
# Failed to write core dump. Minidumps are not enabled by default on client versions of Windows
#
# If you would like to submit a bug report, please visit:
#   http://bugreport.java.com/bugreport/crash.jsp
# The crash happened outside the Java Virtual Machine in native code.
# See problematic frame for where to report the bug.
#

---------------  T H R E A D  ---------------

Current thread (0x00000000023f0800):  JavaThread "main" [_thread_in_native, id=23896, stack(0x00000000022f0000,0x00000000023f0000)]

siginfo: ExceptionCode=0xc0000005, reading address 0x0000000000000000

Registers:
RAX=0x0000000000000090, RBX=0x000000001f3b8a80, RCX=0x0000000000000090, RDX=0xffffffffe04f68b8
RSP=0x00000000023eeeb8, RBP=0x0000000000000001, RSI=0x0000000000000000, RDI=0x000000001fb09748
R8 =0x0000000000000090, R9 =0x0000000000000009, R10=0x0000000000000000, R11=0x000000001fb09748
R12=0x0000000000000000, R13=0x0000000067660000, R14=0x0000000000000001, R15=0x000000001f3b8800
RIP=0x00000000684ae429, EFLAGS=0x0000000000010207

Top of Stack: (sp=0x00000000023eeeb8)
0x00000000023eeeb8:   0000000000000009 000000001fb09748
0x00000000023eeec8:   000000006809c23c 000000001b972dc0
0x00000000023eeed8:   00000000023ef038 00000000022e9570
0x00000000023eeee8:   0000000067f455db 0000000000000000
0x00000000023eeef8:   0000000000000000 0000000000000000
0x00000000023eef08:   000000000005010b 000000001f3b8800
0x00000000023eef18:   000000006809ce18 000000001f3b8080
0x00000000023eef28:   0000000000000009 0000000000000000
0x00000000023eef38:   0000000002505cc6 00000000023f0800
0x00000000023eef48:   00000000023ef038 000000001b972dc0
0x00000000023eef58:   0000000000000000 0000000000000b36
0x00000000023eef68:   0000000002505e34 000000001b972dc0
0x00000000023eef78:   00000000023eeff8 0000000000000188
0x00000000023eef88:   0000000002505bab 0000000000000000
0x00000000023eef98:   0000000000000009 0000000000000188
0x00000000023eefa8:   00000000023f0800 0000000002505b62 

Instructions: (pc=0x00000000684ae429)
0x00000000684ae409:   03 c0 48 3b c8 0f 8c 96 03 00 00 0f ba 25 5c c9
0x00000000684ae419:   62 00 01 73 13 57 56 48 8b f9 49 8b f2 49 8b c8
0x00000000684ae429:   f3 a4 5e 5f 49 8b c3 c3 0f ba 25 3f c9 62 00 02
0x00000000684ae439:   0f 82 56 02 00 00 f6 c1 07 74 36 f6 c1 01 74 0b 


Register to memory mapping:

RAX=0x0000000000000090 is an unknown value
RBX=0x000000001f3b8a80 is an unknown value
RCX=0x0000000000000090 is an unknown value
RDX=0xffffffffe04f68b8 is an unknown value
RSP=0x00000000023eeeb8 is pointing into the stack for thread: 0x00000000023f0800
RBP=0x0000000000000001 is an unknown value
RSI=0x0000000000000000 is an unknown value
RDI=0x000000001fb09748 is an unknown value
R8 =0x0000000000000090 is an unknown value
R9 =0x0000000000000009 is an unknown value
R10=0x0000000000000000 is an unknown value
R11=0x000000001fb09748 is an unknown value
R12=0x0000000000000000 is an unknown value
R13=0x0000000067660000 is an unknown value
R14=0x0000000000000001 is an unknown value
R15=0x000000001f3b8800 is an unknown value


Stack: [0x00000000022f0000,0x00000000023f0000],  sp=0x00000000023eeeb8,  free space=1019k
Native frames: (J=compiled Java code, j=interpreted, Vv=VM code, C=native code)
C  [nvoglv64.DLL+0xe4e429]
C  0x0000000000000009

Java frames: (J=compiled Java code, j=interpreted, Vv=VM code)
j  org.lwjgl.system.JNI.callIIIV(JIII)V+0
j  org.lwjgl.opengl.GL11.glDrawArrays(III)V+11
j  com.CometEngine.WindowGL.CEWindowGL.DrawArrays(III)V+3
j  com.CometEngine.Renderer.CEGL.DrawArrays(III)V+6
j  com.CometEngine.Tester.Tester.draw()V+27
j  com.CometEngine.Renderer.CERenderer$1.invoke()V+20
j  com.CometEngine.Renderer.Commend.CERenderCommandCustom.execute()V+4
j  com.CometEngine.Commend.Manager.CERenderCommandManager.InvokeAllCommands()V+28
j  com.CometEngine.Renderer.CERenderer.RenderingCommands()V+7
j  Run.main([Ljava/lang/String;)V+28
v  ~StubRoutines::call_stub

---------------  P R O C E S S  ---------------

Java Threads: ( => current thread )
  0x000000002162a000 JavaThread "Thread-0" [_thread_in_Java, id=25200, stack(0x00000000235a0000,0x00000000236a0000)]
  0x000000001dff5000 JavaThread "Service Thread" daemon [_thread_blocked, id=18888, stack(0x000000001e8d0000,0x000000001e9d0000)]
  0x000000001df65000 JavaThread "C1 CompilerThread3" daemon [_thread_blocked, id=22672, stack(0x000000001e7d0000,0x000000001e8d0000)]
  0x000000001df62000 JavaThread "C2 CompilerThread2" daemon [_thread_in_native, id=23288, stack(0x000000001e6d0000,0x000000001e7d0000)]
  0x000000001df5c000 JavaThread "C2 CompilerThread1" daemon [_thread_blocked, id=26484, stack(0x000000001e5d0000,0x000000001e6d0000)]
  0x000000001df55800 JavaThread "C2 CompilerThread0" daemon [_thread_blocked, id=26096, stack(0x000000001e4d0000,0x000000001e5d0000)]
  0x000000001df53000 JavaThread "Attach Listener" daemon [_thread_blocked, id=27076, stack(0x000000001e3d0000,0x000000001e4d0000)]
  0x000000001df52800 JavaThread "Signal Dispatcher" daemon [_thread_blocked, id=26912, stack(0x000000001e2d0000,0x000000001e3d0000)]
  0x00000000024e8800 JavaThread "Finalizer" daemon [_thread_blocked, id=27168, stack(0x000000001ddd0000,0x000000001ded0000)]
  0x00000000024e2000 JavaThread "Reference Handler" daemon [_thread_blocked, id=26200, stack(0x000000001dcd0000,0x000000001ddd0000)]
=>0x00000000023f0800 JavaThread "main" [_thread_in_native, id=23896, stack(0x00000000022f0000,0x00000000023f0000)]

Other Threads:
  0x000000001bf09000 VMThread [stack: 0x000000001dbd0000,0x000000001dcd0000] [id=26188]
  0x000000001e058000 WatcherThread [stack: 0x000000001e9d0000,0x000000001ead0000] [id=26328]

VM state:not at safepoint (normal execution)

VM Mutex/Monitor currently owned by a thread: None

Heap:
 PSYoungGen      total 76288K, used 16014K [0x000000076b400000, 0x0000000770900000, 0x00000007c0000000)
  eden space 65536K, 24% used [0x000000076b400000,0x000000076c3a3a68,0x000000076f400000)
  from space 10752K, 0% used [0x000000076fe80000,0x000000076fe80000,0x0000000770900000)
  to   space 10752K, 0% used [0x000000076f400000,0x000000076f400000,0x000000076fe80000)
 ParOldGen       total 175104K, used 0K [0x00000006c1c00000, 0x00000006cc700000, 0x000000076b400000)
  object space 175104K, 0% used [0x00000006c1c00000,0x00000006c1c00000,0x00000006cc700000)
 Metaspace       used 7556K, capacity 8524K, committed 8576K, reserved 1056768K
  class space    used 596K, capacity 628K, committed 640K, reserved 1048576K

Card table byte_map: [0x00000000118b0000,0x00000000120b0000] byte_map_base: 0x000000000e2a2000

Marking Bits: (ParMarkBitMap*) 0x000000006999a5b0
 Begin Bits: [0x0000000012e00000, 0x0000000016d90000)
 End Bits:   [0x0000000016d90000, 0x000000001ad20000)

Polling page: 0x0000000000550000

CodeCache: size=245760Kb used=2045Kb max_used=2056Kb free=243714Kb
 bounds [0x00000000024f0000, 0x0000000002760000, 0x00000000114f0000]
 total_blobs=1022 nmethods=356 adapters=579
 compilation: enabled

Compilation events (10 events):
Event: 0.523 Thread 0x000000001df65000 nmethod 333 0x00000000026e1790 code [0x00000000026e1ac0, 0x00000000026e3158]
Event: 0.526 Thread 0x000000001df55800  334       4       java.util.Arrays::copyOfRange (63 bytes)
Event: 0.527 Thread 0x000000001df55800 nmethod 334 0x00000000026e9a50 code [0x00000000026e9ba0, 0x00000000026e9db8]
Event: 0.549 Thread 0x000000001df65000  335       1       java.lang.System::getSecurityManager (4 bytes)
Event: 0.549 Thread 0x000000001df65000 nmethod 335 0x00000000026e97d0 code [0x00000000026e9920, 0x00000000026e9a10]
Event: 0.550 Thread 0x000000001df65000  336       1       com.CometEngine.CometEngine::isRun (5 bytes)
Event: 0.550 Thread 0x000000001df65000 nmethod 336 0x00000000026e9510 code [0x00000000026e9660, 0x00000000026e9770]
Event: 0.550 Thread 0x000000001df65000  337       3       com.CometEngine.CometEngine::getInstece (22 bytes)
Event: 0.550 Thread 0x000000001df65000 nmethod 337 0x00000000026e8fd0 code [0x00000000026e9140, 0x00000000026e9430]
Event: 0.550 Thread 0x000000001df65000  339       3       com.CometEngine.Event.Manager.CEEventManager::PollAllEvent (44 bytes)

GC Heap History (0 events):
No events

Deoptimization events (0 events):
No events

Internal exceptions (6 events):
Event: 0.024 Thread 0x00000000023f0800 Exception <a 'java/lang/NoSuchMethodError': Method sun.misc.Unsafe.defineClass(Ljava/lang/String;[BII)Ljava/lang/Class; name or signature does not match> (0x000000076b413088) thrown at [C:\re\workspace\8-2-build-windows-amd64-cygwin\jdk8u60\4407\hotspot\sr«]UÃkàò?
Event: 0.024 Thread 0x00000000023f0800 Exception <a 'java/lang/NoSuchMethodError': Method sun.misc.Unsafe.prefetchRead(Ljava/lang/Object;J)V name or signature does not match> (0x000000076b413370) thrown at [C:\re\workspace\8-2-build-windows-amd64-cygwin\jdk8u60\4407\hotspot\src\share\vm\prims\j <0Œf◊?
Event: 0.366 Thread 0x00000000023f0800 Exception <a 'java/security/PrivilegedActionException'> (0x000000076b935b40) thrown at [C:\re\workspace\8-2-build-windows-amd64-cygwin\jdk8u60\4407\hotspot\src\share\vm\prims\jvm.cpp, line 1386]
Event: 0.366 Thread 0x00000000023f0800 Exception <a 'java/security/PrivilegedActionException'> (0x000000076b935f38) thrown at [C:\re\workspace\8-2-build-windows-amd64-cygwin\jdk8u60\4407\hotspot\src\share\vm\prims\jvm.cpp, line 1386]
Event: 0.366 Thread 0x00000000023f0800 Exception <a 'java/security/PrivilegedActionException'> (0x000000076b939cc8) thrown at [C:\re\workspace\8-2-build-windows-amd64-cygwin\jdk8u60\4407\hotspot\src\share\vm\prims\jvm.cpp, line 1386]
Event: 0.366 Thread 0x00000000023f0800 Exception <a 'java/security/PrivilegedActionException'> (0x000000076b93a0c0) thrown at [C:\re\workspace\8-2-build-windows-amd64-cygwin\jdk8u60\4407\hotspot\src\share\vm\prims\jvm.cpp, line 1386]

Events (10 events):
Event: 0.549 loading class com/CometEngine/Event/Manager/CEEventManager
Event: 0.549 loading class com/CometEngine/Event/Manager/CEEventManager done
Event: 0.549 loading class com/CometEngine/Renderer/Commend/CERenderCommand$COMMENDTYPE
Event: 0.549 loading class com/CometEngine/Renderer/Commend/CERenderCommand$COMMENDTYPE done
Event: 0.550 loading class java/util/LinkedList$ListItr
Event: 0.550 loading class java/util/ListIterator
Event: 0.550 loading class java/util/ListIterator done
Event: 0.550 loading class java/util/LinkedList$ListItr done
Event: 0.550 loading class com/CometEngine/Commend/Manager/CERenderCommandManager
Event: 0.550 loading class com/CometEngine/Commend/Manager/CERenderCommandManager done


Dynamic libraries:
0x00007ff6abbb0000 - 0x00007ff6abbe7000 	C:\Program Files\Java\jre1.8.0_60\bin\javaw.exe
0x00007ffb8fbf0000 - 0x00007ffb8fd9d000 	C:\Windows\SYSTEM32\ntdll.dll
0x00007ffb8f930000 - 0x00007ffb8fa6e000 	C:\Windows\system32\KERNEL32.DLL
0x00007ffb8cf80000 - 0x00007ffb8d095000 	C:\Windows\system32\KERNELBASE.dll
0x00007ffb8b8b0000 - 0x00007ffb8b93e000 	C:\Windows\system32\apphelp.dll
0x00007ffb81730000 - 0x00007ffb81783000 	C:\Windows\AppPatch\AppPatch64\AcGenral.DLL
0x00007ffb8eeb0000 - 0x00007ffb8ef5a000 	C:\Windows\system32\msvcrt.dll
0x00007ffb8cdf0000 - 0x00007ffb8ce1e000 	C:\Windows\system32\SspiCli.dll
0x00007ffb8f1b0000 - 0x00007ffb8f204000 	C:\Windows\system32\SHLWAPI.dll
0x00007ffb8fa70000 - 0x00007ffb8fbe7000 	C:\Windows\system32\USER32.dll
0x00007ffb8f650000 - 0x00007ffb8f7e4000 	C:\Windows\system32\ole32.dll
0x00007ffb8d4d0000 - 0x00007ffb8e9fa000 	C:\Windows\system32\SHELL32.dll
0x00007ffb8c520000 - 0x00007ffb8c541000 	C:\Windows\SYSTEM32\USERENV.dll
0x00007ffb8efa0000 - 0x00007ffb8f04a000 	C:\Windows\system32\ADVAPI32.dll
0x00007ffb7fba0000 - 0x00007ffb7fbbe000 	C:\Windows\SYSTEM32\MPR.dll
0x00007ffb8f220000 - 0x00007ffb8f360000 	C:\Windows\system32\RPCRT4.dll
0x00007ffb8ee40000 - 0x00007ffb8ee99000 	C:\Windows\SYSTEM32\sechost.dll
0x00007ffb8ec20000 - 0x00007ffb8ee31000 	C:\Windows\SYSTEM32\combase.dll
0x00007ffb8f500000 - 0x00007ffb8f650000 	C:\Windows\system32\GDI32.dll
0x00007ffb8cd20000 - 0x00007ffb8cd35000 	C:\Windows\SYSTEM32\profapi.dll
0x00007ffb8b2e0000 - 0x00007ffb8b392000 	C:\Windows\SYSTEM32\SHCORE.dll
0x00007ffb8ef60000 - 0x00007ffb8ef96000 	C:\Windows\system32\IMM32.DLL
0x00007ffb8f050000 - 0x00007ffb8f1a2000 	C:\Windows\system32\MSCTF.dll
0x00007ffb8ac50000 - 0x00007ffb8aecb000 	C:\Windows\WinSxS\amd64_microsoft.windows.common-controls_6595b64144ccf1df_6.0.9600.18006_none_623f33d3ecbe86e8\COMCTL32.dll
0x0000000069a20000 - 0x0000000069af2000 	C:\Program Files\Java\jre1.8.0_60\bin\msvcr100.dll
0x0000000069190000 - 0x0000000069a19000 	C:\Program Files\Java\jre1.8.0_60\bin\server\jvm.dll
0x00007ffb88a30000 - 0x00007ffb88a39000 	C:\Windows\SYSTEM32\WSOCK32.dll
0x00007ffb8a540000 - 0x00007ffb8a562000 	C:\Windows\SYSTEM32\WINMM.dll
0x00007ffb8a950000 - 0x00007ffb8a95a000 	C:\Windows\SYSTEM32\VERSION.dll
0x00007ffb8d4c0000 - 0x00007ffb8d4c7000 	C:\Windows\system32\PSAPI.DLL
0x00007ffb8ea00000 - 0x00007ffb8ea5a000 	C:\Windows\system32\WS2_32.dll
0x00007ffb8a490000 - 0x00007ffb8a4ba000 	C:\Windows\SYSTEM32\WINMMBASE.dll
0x00007ffb8eea0000 - 0x00007ffb8eea9000 	C:\Windows\system32\NSI.dll
0x00007ffb8ce80000 - 0x00007ffb8cecf000 	C:\Windows\SYSTEM32\cfgmgr32.dll
0x00007ffb8bb50000 - 0x00007ffb8bb78000 	C:\Windows\SYSTEM32\DEVOBJ.dll
0x0000000069180000 - 0x000000006918f000 	C:\Program Files\Java\jre1.8.0_60\bin\verify.dll
0x0000000069150000 - 0x0000000069179000 	C:\Program Files\Java\jre1.8.0_60\bin\java.dll
0x0000000069130000 - 0x0000000069146000 	C:\Program Files\Java\jre1.8.0_60\bin\zip.dll
0x00007ffb823a0000 - 0x00007ffb82428000 	C:\Users\Seokho\git\cometengine\CometEngine\native\lwjgl.dll
0x00007ffb8cbf0000 - 0x00007ffb8cbfb000 	C:\Windows\SYSTEM32\CRYPTBASE.DLL
0x00007ffb8cb80000 - 0x00007ffb8cbe3000 	C:\Windows\SYSTEM32\bcryptPrimitives.dll
0x00007ffb82bd0000 - 0x00007ffb82c12000 	C:\Users\Seokho\git\cometengine\CometEngine\native\jemalloc.dll
0x00007ffb82a80000 - 0x00007ffb82ab8000 	C:\Users\Seokho\git\cometengine\CometEngine\native\glfw.dll
0x00007ffb8b9b0000 - 0x00007ffb8bad9000 	C:\Windows\system32\uxtheme.dll
0x00007ffb8b080000 - 0x00007ffb8b0a1000 	C:\Windows\SYSTEM32\dwmapi.dll
0x00007ffb796c0000 - 0x00007ffb797eb000 	C:\Windows\SYSTEM32\opengl32.dll
0x00007ffb86c00000 - 0x00007ffb86c2e000 	C:\Windows\SYSTEM32\GLU32.dll
0x00007ffb795c0000 - 0x00007ffb796b8000 	C:\Windows\SYSTEM32\DDRAW.dll
0x00007ffb870f0000 - 0x00007ffb870f9000 	C:\Windows\SYSTEM32\DCIMAN32.dll
0x0000000180000000 - 0x0000000180031000 	C:\Windows\system32\ImageSAFERFilter.dll
0x000000006ae00000 - 0x000000006aed3000 	C:\Windows\WinSxS\amd64_microsoft.vc90.crt_1fc8b3b9a1e18e3b_9.0.30729.8387_none_08e793bfa83a89b5\MSVCP90.dll
0x000000006ad50000 - 0x000000006adf3000 	C:\Windows\WinSxS\amd64_microsoft.vc90.crt_1fc8b3b9a1e18e3b_9.0.30729.8387_none_08e793bfa83a89b5\MSVCR90.dll
0x00007ffb87b00000 - 0x00007ffb87b32000 	C:\Windows\SYSTEM32\ntmarta.dll
0x00007ffb8a530000 - 0x00007ffb8a537000 	C:\Windows\SYSTEM32\MSIMG32.dll
0x0000000067660000 - 0x0000000068bd5000 	C:\Windows\SYSTEM32\nvoglv64.DLL
0x00007ffb8d2e0000 - 0x00007ffb8d4ba000 	C:\Windows\system32\SETUPAPI.dll
0x00007ffb8b940000 - 0x00007ffb8b952000 	C:\Windows\SYSTEM32\WTSAPI32.dll
0x00007ffb8ce20000 - 0x00007ffb8ce71000 	C:\Windows\system32\WINTRUST.dll
0x00007ffb8d0a0000 - 0x00007ffb8d27f000 	C:\Windows\system32\CRYPT32.dll
0x00007ffb8cdd0000 - 0x00007ffb8cde1000 	C:\Windows\system32\MSASN1.dll
0x00007ffb8ccc0000 - 0x00007ffb8cd06000 	C:\Windows\SYSTEM32\powrprof.dll
0x00007ffb8bff0000 - 0x00007ffb8c04a000 	C:\Windows\SYSTEM32\WINSTA.dll
0x00007ffb8b9a0000 - 0x00007ffb8b9ab000 	C:\Windows\SYSTEM32\kernel.appcore.dll
0x00007ffb87710000 - 0x00007ffb87899000 	C:\Windows\SYSTEM32\dbghelp.dll

VM Arguments:
jvm_args: -Djava.library.path=C:\Users\Seokho\git\cometengine\CometEngine\native -Dfile.encoding=MS949 
java_command: Run
java_class_path (initial): C:\Users\Seokho\git\cometengine\CometEngine.Win32\bin\classes;C:\lwjgl\jar\lwjgl.jar;C:\Users\Seokho\git\cometengine\CometEngine\Lib\lwjgl.jar
Launcher Type: SUN_STANDARD

Environment Variables:
JAVA_HOME=C:\Program Files\Java\jdk1.7.0_67
CLASSPATH=.;C:\Program Files\Java\jdk1.7.0_67\lib\tools.jar;
PATH=C:\Program Files (x86)\Razer Chroma SDK\bin;C:\Program Files\Razer Chroma SDK\bin;C:\ProgramData\Oracle\Java\javapath;C:\Program Files\Java\jdk1.7.0_67\bin;C:\android-ndk-r10b;C:\Python27; C:\Python34;C:\Windows\system32;C:\Windows;C:\Windows\System32\Wbem;C:\Windows\System32\WindowsPowerShell\v1.0\;C:\Program Files (x86)\Common Files\Acronis\SnapAPI\;C:\Program Files (x86)\Windows Kits\8.1\Windows Performance Toolkit\;C:\Program Files\Microsoft SQL Server\110\Tools\Binn\;C:\Program Files (x86)\Microsoft SDKs\TypeScript\1.0\;C:\Program Files\Microsoft SQL Server\120\Tools\Binn\;C:\Program Files (x86)\GtkSharp\2.12\bin;C:\Program Files (x86)\NVIDIA Corporation\PhysX\Common;C:\Program Files (x86)\Visual Leak Detector\bin\Win32;C:\Program Files (x86)\Visual Leak Detector\bin\Win64;C:\Program Files\Microsoft\Web Platform Installer\;C:\Program Files (x86)\Microsoft SQL Server\100\Tools\Binn\;C:\Program Files\Microsoft SQL Server\100\Tools\Binn\;C:\Program Files\Microsoft SQL Server\100\DTS\Binn\;C:\Cocos\frameworks\cocos2d-x-3.6\tools\cocos2d-console\bin;C:\Cocos\tools\Python27;C:\Program Files (x86)\Skype\Phone\;C:\Windows\system32\config\systemprofile\.dnx\bin;C:\Program Files\Microsoft DNX\Dnvm\;C:\Program Files\Microsoft SQL Server\130\Tools\Binn\;C:\Cocos\frameworks\cocos2d-x-3.6\tools\cocos2d-console\bin;C:\Cocos\tools\Python27
USERNAME=Seokho
OS=Windows_NT
PROCESSOR_IDENTIFIER=Intel64 Family 6 Model 58 Stepping 9, GenuineIntel



---------------  S Y S T E M  ---------------

OS: Windows 8.1 , 64 bit Build 9600 (6.3.9600.17415)

CPU:total 8 (4 cores per cpu, 2 threads per core) family 6 model 58 stepping 9, cmov, cx8, fxsr, mmx, sse, sse2, sse3, ssse3, sse4.1, sse4.2, popcnt, avx, aes, clmul, erms, ht, tsc, tscinvbit, tscinv

Memory: 4k page, physical 16660020k(9633092k free), swap 33437236k(22890172k free)

vm_info: Java HotSpot(TM) 64-Bit Server VM (25.60-b23) for windows-amd64 JRE (1.8.0_60-b27), built on Aug  4 2015 11:06:27 by "java_re" with MS VC++ 10.0 (VS2010)

time: Sat May 14 20:49:09 2016
elapsed time: 0 seconds (0d 0h 0m 0s)

